<?xml version="1.0" encoding="UTF-8"?>
<!-- Generated by org.testng.reporters.JUnitXMLReporter -->
<testsuite hostname="DESKTOP-T9CIQDG" ignored="0" name="Test" tests="10" failures="3" timestamp="11 бер. 2019 13:51:00 GMT" time="38.318" errors="0">
  <testcase name="tryWriteAndDeleteFileRest" time="15.843" classname="lab.web.WriteDeleteApiTest"/>
  <testcase name="tryWriteAndDeleteFileSoap" time="13.674" classname="lab.web.WriteDeleteApiTest"/>
  <testcase name="tryWriteAndDeleteFileRest" time="0.299" classname="lab.web.WriteDeleteFiveTimesApiTest"/>
  <testcase name="tryWriteAndDeleteFileSoap" time="0.519" classname="lab.web.WriteDeleteFiveTimesApiTest"/>
  <testcase name="tryWriteFileTwiceRest" time="0.458" classname="lab.web.WriteSameFileTwiceApiTest"/>
  <testcase name="tryWriteFileTwiceSoap" time="2.366" classname="lab.web.WriteSameFileTwiceApiTest">
    <failure type="javax.xml.ws.WebServiceException" message="java.lang.NoSuchMethodException: lab.web.soap.ServiceException.&amp;lt;init&amp;gt;(java.lang.String, lab.web.soap.LibraryFault)">
      <![CDATA[javax.xml.ws.WebServiceException: java.lang.NoSuchMethodException: lab.web.soap.ServiceException.<init>(java.lang.String, lab.web.soap.LibraryFault)
	at com.sun.xml.internal.ws.fault.SOAPFaultBuilder.createException(SOAPFaultBuilder.java:138)
	at com.sun.xml.internal.ws.client.sei.StubHandler.readResponse(StubHandler.java:238)
	at com.sun.xml.internal.ws.db.DatabindingImpl.deserializeResponse(DatabindingImpl.java:189)
	at com.sun.xml.internal.ws.db.DatabindingImpl.deserializeResponse(DatabindingImpl.java:276)
	at com.sun.xml.internal.ws.client.sei.SyncMethodHandler.invoke(SyncMethodHandler.java:104)
	at com.sun.xml.internal.ws.client.sei.SyncMethodHandler.invoke(SyncMethodHandler.java:77)
	at com.sun.xml.internal.ws.client.sei.SEIStub.invoke(SEIStub.java:147)
	at com.sun.proxy.$Proxy47.writeFile(Unknown Source)
	at lab.web.WriteSameFileTwiceApiTest.tryWriteFileTwiceSoap(WriteSameFileTwiceApiTest.java:33)
Caused by: java.lang.NoSuchMethodException: lab.web.soap.ServiceException.<init>(java.lang.String, lab.web.soap.LibraryFault)
	at java.lang.Class.getConstructor0(Class.java:3082)
	at java.lang.Class.getConstructor(Class.java:1825)
	at com.sun.xml.internal.ws.fault.SOAPFaultBuilder.createException(SOAPFaultBuilder.java:134)
	... 36 more
... Removed 28 stack frames]]>
    </failure>
  </testcase> <!-- tryWriteFileTwiceSoap -->
  <testcase name="tryWriteFileTwiceRest" time="0.336" classname="lab.web.DownloadSameFileTwiceApiTest"/>
  <testcase name="tryWriteFileTwiceSoap" time="0.814" classname="lab.web.DownloadSameFileTwiceApiTest">
    <failure type="javax.xml.ws.WebServiceException" message="java.lang.NoSuchMethodException: lab.web.soap.ServiceException.&amp;lt;init&amp;gt;(java.lang.String, lab.web.soap.LibraryFault)">
      <![CDATA[javax.xml.ws.WebServiceException: java.lang.NoSuchMethodException: lab.web.soap.ServiceException.<init>(java.lang.String, lab.web.soap.LibraryFault)
	at com.sun.xml.internal.ws.fault.SOAPFaultBuilder.createException(SOAPFaultBuilder.java:138)
	at com.sun.xml.internal.ws.client.sei.StubHandler.readResponse(StubHandler.java:238)
	at com.sun.xml.internal.ws.db.DatabindingImpl.deserializeResponse(DatabindingImpl.java:189)
	at com.sun.xml.internal.ws.db.DatabindingImpl.deserializeResponse(DatabindingImpl.java:276)
	at com.sun.xml.internal.ws.client.sei.SyncMethodHandler.invoke(SyncMethodHandler.java:104)
	at com.sun.xml.internal.ws.client.sei.SyncMethodHandler.invoke(SyncMethodHandler.java:77)
	at com.sun.xml.internal.ws.client.sei.SEIStub.invoke(SEIStub.java:147)
	at com.sun.proxy.$Proxy47.downloadFile(Unknown Source)
	at lab.web.DownloadSameFileTwiceApiTest.tryWriteFileTwiceSoap(DownloadSameFileTwiceApiTest.java:34)
Caused by: java.lang.NoSuchMethodException: lab.web.soap.ServiceException.<init>(java.lang.String, lab.web.soap.LibraryFault)
	at java.lang.Class.getConstructor0(Class.java:3082)
	at java.lang.Class.getConstructor(Class.java:1825)
	at com.sun.xml.internal.ws.fault.SOAPFaultBuilder.createException(SOAPFaultBuilder.java:134)
	... 36 more
... Removed 28 stack frames]]>
    </failure>
  </testcase> <!-- tryWriteFileTwiceSoap -->
  <testcase name="tryWriteFileTwiceRest" time="0.227" classname="lab.web.DeleteSameFileTwiceApiTest"/>
  <testcase name="tryWriteFileTwiceSoap" time="0.252" classname="lab.web.DeleteSameFileTwiceApiTest">
    <failure type="javax.xml.ws.WebServiceException" message="java.lang.NoSuchMethodException: lab.web.soap.ServiceException.&amp;lt;init&amp;gt;(java.lang.String, lab.web.soap.LibraryFault)">
      <![CDATA[javax.xml.ws.WebServiceException: java.lang.NoSuchMethodException: lab.web.soap.ServiceException.<init>(java.lang.String, lab.web.soap.LibraryFault)
	at com.sun.xml.internal.ws.fault.SOAPFaultBuilder.createException(SOAPFaultBuilder.java:138)
	at com.sun.xml.internal.ws.client.sei.StubHandler.readResponse(StubHandler.java:238)
	at com.sun.xml.internal.ws.db.DatabindingImpl.deserializeResponse(DatabindingImpl.java:189)
	at com.sun.xml.internal.ws.db.DatabindingImpl.deserializeResponse(DatabindingImpl.java:276)
	at com.sun.xml.internal.ws.client.sei.SyncMethodHandler.invoke(SyncMethodHandler.java:104)
	at com.sun.xml.internal.ws.client.sei.SyncMethodHandler.invoke(SyncMethodHandler.java:77)
	at com.sun.xml.internal.ws.client.sei.SEIStub.invoke(SEIStub.java:147)
	at com.sun.proxy.$Proxy47.deleteFile(Unknown Source)
	at lab.web.DeleteSameFileTwiceApiTest.tryWriteFileTwiceSoap(DeleteSameFileTwiceApiTest.java:33)
Caused by: java.lang.NoSuchMethodException: lab.web.soap.ServiceException.<init>(java.lang.String, lab.web.soap.LibraryFault)
	at java.lang.Class.getConstructor0(Class.java:3082)
	at java.lang.Class.getConstructor(Class.java:1825)
	at com.sun.xml.internal.ws.fault.SOAPFaultBuilder.createException(SOAPFaultBuilder.java:134)
	... 36 more
... Removed 28 stack frames]]>
    </failure>
  </testcase> <!-- tryWriteFileTwiceSoap -->
</testsuite> <!-- Test -->
