<?xml version="1.0" encoding="UTF-8"?>
<testng-results skipped="0" failed="3" ignored="0" total="10" passed="7">
  <reporter-output>
    <line>
      <![CDATA[2019-03-11 15:50:22 INFO  LoggerListener:41 - Starting tests : Test, Output directory : D:\IdeaProjects\MykhailoKozakFileStorageServiceClient\target\surefire-reports\Suite, Test Suite : org.testng.SuiteRunner@78c03f1f

]]>
    </line>
    <line>
      <![CDATA[2019-03-11 15:50:22 INFO  LoggerListener:41 - Starting tests : Test, Output directory : D:\IdeaProjects\MykhailoKozakFileStorageServiceClient\target\surefire-reports\Suite, Test Suite : org.testng.SuiteRunner@78c03f1f

]]>
    </line>
    <line>
      <![CDATA[2019-03-11 15:50:22 INFO  LoggerListener:13 - Test : tryWriteAndDeleteFileRest , Method : WriteDeleteApiTest.tryWriteAndDeleteFileRest()[pri:0, instance:lab.web.WriteDeleteApiTest@1ed4004b], Started

]]>
    </line>
    <line>
      <![CDATA[2019-03-11 15:50:22 INFO  LoggerListener:13 - Test : tryWriteAndDeleteFileRest , Method : WriteDeleteApiTest.tryWriteAndDeleteFileRest()[pri:0, instance:lab.web.WriteDeleteApiTest@1ed4004b], Started

]]>
    </line>
    <line>
      <![CDATA[2019-03-11 15:50:22 INFO  WriteDeleteApiTest:20 - tryWriteAndDeleteFileRest test

]]>
    </line>
    <line>
      <![CDATA[2019-03-11 15:50:22 INFO  ServiceFactory:13 - getFileService factory method

]]>
    </line>
    <line>
      <![CDATA[2019-03-11 15:50:22 INFO  ServiceFactory:17 - Creating Rest file service client

]]>
    </line>
    <line>
      <![CDATA[2019-03-11 15:50:23 INFO  FileRESTServiceClient:52 - writeFile method

]]>
    </line>
    <line>
      <![CDATA[2019-03-11 15:50:24 INFO  FileRESTServiceClient:56 - path:http://localhost:8080/MykhailoKozakFileStorageService/fileREST/write?fileName=New2

]]>
    </line>
    <line>
      <![CDATA[2019-03-11 15:50:38 INFO  FileRESTServiceClient:36 - buildException

]]>
    </line>
    <line>
      <![CDATA[2019-03-11 15:50:38 INFO  LoggerListener:19 - Test : tryWriteAndDeleteFileRest , Method : WriteDeleteApiTest.tryWriteAndDeleteFileRest()[pri:0, instance:lab.web.WriteDeleteApiTest@1ed4004b] passed successful

]]>
    </line>
    <line>
      <![CDATA[2019-03-11 15:50:38 INFO  LoggerListener:19 - Test : tryWriteAndDeleteFileRest , Method : WriteDeleteApiTest.tryWriteAndDeleteFileRest()[pri:0, instance:lab.web.WriteDeleteApiTest@1ed4004b] passed successful

]]>
    </line>
    <line>
      <![CDATA[2019-03-11 15:50:38 INFO  WriteDeleteApiTest:43 - after method

]]>
    </line>
    <line>
      <![CDATA[2019-03-11 15:50:38 INFO  ServiceFactory:13 - getFileService factory method

]]>
    </line>
    <line>
      <![CDATA[2019-03-11 15:50:38 INFO  ServiceFactory:17 - Creating Rest file service client

]]>
    </line>
    <line>
      <![CDATA[2019-03-11 15:50:38 INFO  FileRESTServiceClient:100 - getListAllFiles method

]]>
    </line>
    <line>
      <![CDATA[2019-03-11 15:50:38 INFO  FileRESTServiceClient:104 - path: http://localhost:8080/MykhailoKozakFileStorageService/fileREST/files

]]>
    </line>
    <line>
      <![CDATA[2019-03-11 15:50:39 INFO  LoggerListener:13 - Test : tryWriteAndDeleteFileSoap , Method : WriteDeleteApiTest.tryWriteAndDeleteFileSoap()[pri:0, instance:lab.web.WriteDeleteApiTest@1ed4004b], Started

]]>
    </line>
    <line>
      <![CDATA[2019-03-11 15:50:39 INFO  LoggerListener:13 - Test : tryWriteAndDeleteFileSoap , Method : WriteDeleteApiTest.tryWriteAndDeleteFileSoap()[pri:0, instance:lab.web.WriteDeleteApiTest@1ed4004b], Started

]]>
    </line>
    <line>
      <![CDATA[2019-03-11 15:50:39 INFO  WriteDeleteApiTest:29 - tryWriteAndDeleteFileSoap test

]]>
    </line>
    <line>
      <![CDATA[2019-03-11 15:50:39 INFO  ServiceFactory:13 - getFileService factory method

]]>
    </line>
    <line>
      <![CDATA[2019-03-11 15:50:39 INFO  ServiceFactory:20 - Creating Soap file service client

]]>
    </line>
    <line>
      <![CDATA[2019-03-11 15:50:52 INFO  LoggerListener:19 - Test : tryWriteAndDeleteFileSoap , Method : WriteDeleteApiTest.tryWriteAndDeleteFileSoap()[pri:0, instance:lab.web.WriteDeleteApiTest@1ed4004b] passed successful

]]>
    </line>
    <line>
      <![CDATA[2019-03-11 15:50:52 INFO  LoggerListener:19 - Test : tryWriteAndDeleteFileSoap , Method : WriteDeleteApiTest.tryWriteAndDeleteFileSoap()[pri:0, instance:lab.web.WriteDeleteApiTest@1ed4004b] passed successful

]]>
    </line>
    <line>
      <![CDATA[2019-03-11 15:50:52 INFO  WriteDeleteApiTest:43 - after method

]]>
    </line>
    <line>
      <![CDATA[2019-03-11 15:50:52 INFO  ServiceFactory:13 - getFileService factory method

]]>
    </line>
    <line>
      <![CDATA[2019-03-11 15:50:52 INFO  ServiceFactory:17 - Creating Rest file service client

]]>
    </line>
    <line>
      <![CDATA[2019-03-11 15:50:53 INFO  FileRESTServiceClient:100 - getListAllFiles method

]]>
    </line>
    <line>
      <![CDATA[2019-03-11 15:50:53 INFO  FileRESTServiceClient:104 - path: http://localhost:8080/MykhailoKozakFileStorageService/fileREST/files

]]>
    </line>
    <line>
      <![CDATA[2019-03-11 15:50:53 INFO  LoggerListener:13 - Test : tryWriteAndDeleteFileRest , Method : WriteDeleteFiveTimesApiTest.tryWriteAndDeleteFileRest()[pri:0, instance:lab.web.WriteDeleteFiveTimesApiTest@ff5b51f], Started

]]>
    </line>
    <line>
      <![CDATA[2019-03-11 15:50:53 INFO  LoggerListener:13 - Test : tryWriteAndDeleteFileRest , Method : WriteDeleteFiveTimesApiTest.tryWriteAndDeleteFileRest()[pri:0, instance:lab.web.WriteDeleteFiveTimesApiTest@ff5b51f], Started

]]>
    </line>
    <line>
      <![CDATA[2019-03-11 15:50:53 INFO  WriteDeleteFiveTimesApiTest:20 - tryWriteAndDeleteFileRest test

]]>
    </line>
    <line>
      <![CDATA[2019-03-11 15:50:53 INFO  ServiceFactory:13 - getFileService factory method

]]>
    </line>
    <line>
      <![CDATA[2019-03-11 15:50:53 INFO  ServiceFactory:17 - Creating Rest file service client

]]>
    </line>
    <line>
      <![CDATA[2019-03-11 15:50:53 INFO  FileRESTServiceClient:52 - writeFile method

]]>
    </line>
    <line>
      <![CDATA[2019-03-11 15:50:53 INFO  FileRESTServiceClient:56 - path:http://localhost:8080/MykhailoKozakFileStorageService/fileREST/write?fileName=New2

]]>
    </line>
    <line>
      <![CDATA[2019-03-11 15:50:53 INFO  FileRESTServiceClient:36 - buildException

]]>
    </line>
    <line>
      <![CDATA[2019-03-11 15:50:53 INFO  LoggerListener:19 - Test : tryWriteAndDeleteFileRest , Method : WriteDeleteFiveTimesApiTest.tryWriteAndDeleteFileRest()[pri:0, instance:lab.web.WriteDeleteFiveTimesApiTest@ff5b51f] passed successful

]]>
    </line>
    <line>
      <![CDATA[2019-03-11 15:50:53 INFO  LoggerListener:19 - Test : tryWriteAndDeleteFileRest , Method : WriteDeleteFiveTimesApiTest.tryWriteAndDeleteFileRest()[pri:0, instance:lab.web.WriteDeleteFiveTimesApiTest@ff5b51f] passed successful

]]>
    </line>
    <line>
      <![CDATA[2019-03-11 15:50:53 INFO  WriteDeleteFiveTimesApiTest:59 - after method

]]>
    </line>
    <line>
      <![CDATA[2019-03-11 15:50:53 INFO  ServiceFactory:13 - getFileService factory method

]]>
    </line>
    <line>
      <![CDATA[2019-03-11 15:50:53 INFO  ServiceFactory:17 - Creating Rest file service client

]]>
    </line>
    <line>
      <![CDATA[2019-03-11 15:50:54 INFO  FileRESTServiceClient:100 - getListAllFiles method

]]>
    </line>
    <line>
      <![CDATA[2019-03-11 15:50:54 INFO  FileRESTServiceClient:104 - path: http://localhost:8080/MykhailoKozakFileStorageService/fileREST/files

]]>
    </line>
    <line>
      <![CDATA[2019-03-11 15:50:54 INFO  LoggerListener:13 - Test : tryWriteAndDeleteFileSoap , Method : WriteDeleteFiveTimesApiTest.tryWriteAndDeleteFileSoap()[pri:0, instance:lab.web.WriteDeleteFiveTimesApiTest@ff5b51f], Started

]]>
    </line>
    <line>
      <![CDATA[2019-03-11 15:50:54 INFO  LoggerListener:13 - Test : tryWriteAndDeleteFileSoap , Method : WriteDeleteFiveTimesApiTest.tryWriteAndDeleteFileSoap()[pri:0, instance:lab.web.WriteDeleteFiveTimesApiTest@ff5b51f], Started

]]>
    </line>
    <line>
      <![CDATA[2019-03-11 15:50:54 INFO  WriteDeleteFiveTimesApiTest:37 - tryWriteAndDeleteFileSoap test

]]>
    </line>
    <line>
      <![CDATA[2019-03-11 15:50:54 INFO  ServiceFactory:13 - getFileService factory method

]]>
    </line>
    <line>
      <![CDATA[2019-03-11 15:50:54 INFO  ServiceFactory:20 - Creating Soap file service client

]]>
    </line>
    <line>
      <![CDATA[2019-03-11 15:50:54 INFO  LoggerListener:19 - Test : tryWriteAndDeleteFileSoap , Method : WriteDeleteFiveTimesApiTest.tryWriteAndDeleteFileSoap()[pri:0, instance:lab.web.WriteDeleteFiveTimesApiTest@ff5b51f] passed successful

]]>
    </line>
    <line>
      <![CDATA[2019-03-11 15:50:54 INFO  LoggerListener:19 - Test : tryWriteAndDeleteFileSoap , Method : WriteDeleteFiveTimesApiTest.tryWriteAndDeleteFileSoap()[pri:0, instance:lab.web.WriteDeleteFiveTimesApiTest@ff5b51f] passed successful

]]>
    </line>
    <line>
      <![CDATA[2019-03-11 15:50:54 INFO  WriteDeleteFiveTimesApiTest:59 - after method

]]>
    </line>
    <line>
      <![CDATA[2019-03-11 15:50:54 INFO  ServiceFactory:13 - getFileService factory method

]]>
    </line>
    <line>
      <![CDATA[2019-03-11 15:50:54 INFO  ServiceFactory:17 - Creating Rest file service client

]]>
    </line>
    <line>
      <![CDATA[2019-03-11 15:50:54 INFO  FileRESTServiceClient:100 - getListAllFiles method

]]>
    </line>
    <line>
      <![CDATA[2019-03-11 15:50:54 INFO  FileRESTServiceClient:104 - path: http://localhost:8080/MykhailoKozakFileStorageService/fileREST/files

]]>
    </line>
    <line>
      <![CDATA[2019-03-11 15:50:54 INFO  LoggerListener:13 - Test : tryWriteFileTwiceRest , Method : WriteSameFileTwiceApiTest.tryWriteFileTwiceRest()[pri:0, instance:lab.web.WriteSameFileTwiceApiTest@25bbe1b6], Started

]]>
    </line>
    <line>
      <![CDATA[2019-03-11 15:50:54 INFO  LoggerListener:13 - Test : tryWriteFileTwiceRest , Method : WriteSameFileTwiceApiTest.tryWriteFileTwiceRest()[pri:0, instance:lab.web.WriteSameFileTwiceApiTest@25bbe1b6], Started

]]>
    </line>
    <line>
      <![CDATA[2019-03-11 15:50:54 INFO  WriteSameFileTwiceApiTest:20 - tryWriteAndDeleteFileRest test

]]>
    </line>
    <line>
      <![CDATA[2019-03-11 15:50:54 INFO  ServiceFactory:13 - getFileService factory method

]]>
    </line>
    <line>
      <![CDATA[2019-03-11 15:50:54 INFO  ServiceFactory:17 - Creating Rest file service client

]]>
    </line>
    <line>
      <![CDATA[2019-03-11 15:50:54 INFO  FileRESTServiceClient:52 - writeFile method

]]>
    </line>
    <line>
      <![CDATA[2019-03-11 15:50:54 INFO  FileRESTServiceClient:56 - path:http://localhost:8080/MykhailoKozakFileStorageService/fileREST/write?fileName=New2

]]>
    </line>
    <line>
      <![CDATA[2019-03-11 15:50:55 INFO  FileRESTServiceClient:36 - buildException

]]>
    </line>
    <line>
      <![CDATA[2019-03-11 15:50:55 INFO  LoggerListener:19 - Test : tryWriteFileTwiceRest , Method : WriteSameFileTwiceApiTest.tryWriteFileTwiceRest()[pri:0, instance:lab.web.WriteSameFileTwiceApiTest@25bbe1b6] passed successful

]]>
    </line>
    <line>
      <![CDATA[2019-03-11 15:50:55 INFO  LoggerListener:19 - Test : tryWriteFileTwiceRest , Method : WriteSameFileTwiceApiTest.tryWriteFileTwiceRest()[pri:0, instance:lab.web.WriteSameFileTwiceApiTest@25bbe1b6] passed successful

]]>
    </line>
    <line>
      <![CDATA[2019-03-11 15:50:55 INFO  WriteSameFileTwiceApiTest:43 - after method

]]>
    </line>
    <line>
      <![CDATA[2019-03-11 15:50:55 INFO  ServiceFactory:13 - getFileService factory method

]]>
    </line>
    <line>
      <![CDATA[2019-03-11 15:50:55 INFO  ServiceFactory:17 - Creating Rest file service client

]]>
    </line>
    <line>
      <![CDATA[2019-03-11 15:50:55 INFO  FileRESTServiceClient:100 - getListAllFiles method

]]>
    </line>
    <line>
      <![CDATA[2019-03-11 15:50:55 INFO  FileRESTServiceClient:104 - path: http://localhost:8080/MykhailoKozakFileStorageService/fileREST/files

]]>
    </line>
    <line>
      <![CDATA[2019-03-11 15:50:55 INFO  LoggerListener:13 - Test : tryWriteFileTwiceSoap , Method : WriteSameFileTwiceApiTest.tryWriteFileTwiceSoap()[pri:0, instance:lab.web.WriteSameFileTwiceApiTest@25bbe1b6], Started

]]>
    </line>
    <line>
      <![CDATA[2019-03-11 15:50:55 INFO  LoggerListener:13 - Test : tryWriteFileTwiceSoap , Method : WriteSameFileTwiceApiTest.tryWriteFileTwiceSoap()[pri:0, instance:lab.web.WriteSameFileTwiceApiTest@25bbe1b6], Started

]]>
    </line>
    <line>
      <![CDATA[2019-03-11 15:50:55 INFO  WriteSameFileTwiceApiTest:29 - tryWriteAndDeleteFileSoap test

]]>
    </line>
    <line>
      <![CDATA[2019-03-11 15:50:55 INFO  ServiceFactory:13 - getFileService factory method

]]>
    </line>
    <line>
      <![CDATA[2019-03-11 15:50:55 INFO  ServiceFactory:20 - Creating Soap file service client

]]>
    </line>
    <line>
      <![CDATA[2019-03-11 15:50:57 WARN  LoggerListener:25 - Test : tryWriteFileTwiceSoap , Method : WriteSameFileTwiceApiTest.tryWriteFileTwiceSoap()[pri:0, instance:lab.web.WriteSameFileTwiceApiTest@25bbe1b6] failed in

]]>
    </line>
    <line>
      <![CDATA[2019-03-11 15:50:57 WARN  LoggerListener:25 - Test : tryWriteFileTwiceSoap , Method : WriteSameFileTwiceApiTest.tryWriteFileTwiceSoap()[pri:0, instance:lab.web.WriteSameFileTwiceApiTest@25bbe1b6] failed in

]]>
    </line>
    <line>
      <![CDATA[2019-03-11 15:50:57 INFO  WriteSameFileTwiceApiTest:43 - after method

]]>
    </line>
    <line>
      <![CDATA[2019-03-11 15:50:57 INFO  ServiceFactory:13 - getFileService factory method

]]>
    </line>
    <line>
      <![CDATA[2019-03-11 15:50:57 INFO  ServiceFactory:17 - Creating Rest file service client

]]>
    </line>
    <line>
      <![CDATA[2019-03-11 15:50:58 INFO  FileRESTServiceClient:100 - getListAllFiles method

]]>
    </line>
    <line>
      <![CDATA[2019-03-11 15:50:58 INFO  FileRESTServiceClient:104 - path: http://localhost:8080/MykhailoKozakFileStorageService/fileREST/files

]]>
    </line>
    <line>
      <![CDATA[2019-03-11 15:50:58 INFO  LoggerListener:13 - Test : tryWriteFileTwiceRest , Method : DownloadSameFileTwiceApiTest.tryWriteFileTwiceRest()[pri:0, instance:lab.web.DownloadSameFileTwiceApiTest@5702b3b1], Started

]]>
    </line>
    <line>
      <![CDATA[2019-03-11 15:50:58 INFO  LoggerListener:13 - Test : tryWriteFileTwiceRest , Method : DownloadSameFileTwiceApiTest.tryWriteFileTwiceRest()[pri:0, instance:lab.web.DownloadSameFileTwiceApiTest@5702b3b1], Started

]]>
    </line>
    <line>
      <![CDATA[2019-03-11 15:50:58 INFO  DownloadSameFileTwiceApiTest:21 - tryWriteAndDeleteFileRest test

]]>
    </line>
    <line>
      <![CDATA[2019-03-11 15:50:58 INFO  ServiceFactory:13 - getFileService factory method

]]>
    </line>
    <line>
      <![CDATA[2019-03-11 15:50:58 INFO  ServiceFactory:17 - Creating Rest file service client

]]>
    </line>
    <line>
      <![CDATA[2019-03-11 15:50:58 INFO  FileRESTServiceClient:76 - downloadFile method

]]>
    </line>
    <line>
      <![CDATA[2019-03-11 15:50:58 INFO  FileRESTServiceClient:81 - path:http://localhost:8080/MykhailoKozakFileStorageService/fileREST/download?fileName=New2&filePath=src/test

]]>
    </line>
    <line>
      <![CDATA[2019-03-11 15:50:58 INFO  FileRESTServiceClient:36 - buildException

]]>
    </line>
    <line>
      <![CDATA[2019-03-11 15:50:58 INFO  LoggerListener:19 - Test : tryWriteFileTwiceRest , Method : DownloadSameFileTwiceApiTest.tryWriteFileTwiceRest()[pri:0, instance:lab.web.DownloadSameFileTwiceApiTest@5702b3b1] passed successful

]]>
    </line>
    <line>
      <![CDATA[2019-03-11 15:50:58 INFO  LoggerListener:19 - Test : tryWriteFileTwiceRest , Method : DownloadSameFileTwiceApiTest.tryWriteFileTwiceRest()[pri:0, instance:lab.web.DownloadSameFileTwiceApiTest@5702b3b1] passed successful

]]>
    </line>
    <line>
      <![CDATA[2019-03-11 15:50:58 INFO  DownloadSameFileTwiceApiTest:44 - after method

]]>
    </line>
    <line>
      <![CDATA[2019-03-11 15:50:58 INFO  ServiceFactory:13 - getFileService factory method

]]>
    </line>
    <line>
      <![CDATA[2019-03-11 15:50:58 INFO  ServiceFactory:17 - Creating Rest file service client

]]>
    </line>
    <line>
      <![CDATA[2019-03-11 15:50:58 INFO  FileRESTServiceClient:100 - getListAllFiles method

]]>
    </line>
    <line>
      <![CDATA[2019-03-11 15:50:58 INFO  FileRESTServiceClient:104 - path: http://localhost:8080/MykhailoKozakFileStorageService/fileREST/files

]]>
    </line>
    <line>
      <![CDATA[2019-03-11 15:50:58 INFO  LoggerListener:13 - Test : tryWriteFileTwiceSoap , Method : DownloadSameFileTwiceApiTest.tryWriteFileTwiceSoap()[pri:0, instance:lab.web.DownloadSameFileTwiceApiTest@5702b3b1], Started

]]>
    </line>
    <line>
      <![CDATA[2019-03-11 15:50:58 INFO  LoggerListener:13 - Test : tryWriteFileTwiceSoap , Method : DownloadSameFileTwiceApiTest.tryWriteFileTwiceSoap()[pri:0, instance:lab.web.DownloadSameFileTwiceApiTest@5702b3b1], Started

]]>
    </line>
    <line>
      <![CDATA[2019-03-11 15:50:58 INFO  DownloadSameFileTwiceApiTest:30 - tryWriteAndDeleteFileSoap test

]]>
    </line>
    <line>
      <![CDATA[2019-03-11 15:50:58 INFO  ServiceFactory:13 - getFileService factory method

]]>
    </line>
    <line>
      <![CDATA[2019-03-11 15:50:58 INFO  ServiceFactory:20 - Creating Soap file service client

]]>
    </line>
    <line>
      <![CDATA[2019-03-11 15:50:59 WARN  LoggerListener:25 - Test : tryWriteFileTwiceSoap , Method : DownloadSameFileTwiceApiTest.tryWriteFileTwiceSoap()[pri:0, instance:lab.web.DownloadSameFileTwiceApiTest@5702b3b1] failed in

]]>
    </line>
    <line>
      <![CDATA[2019-03-11 15:50:59 WARN  LoggerListener:25 - Test : tryWriteFileTwiceSoap , Method : DownloadSameFileTwiceApiTest.tryWriteFileTwiceSoap()[pri:0, instance:lab.web.DownloadSameFileTwiceApiTest@5702b3b1] failed in

]]>
    </line>
    <line>
      <![CDATA[2019-03-11 15:50:59 INFO  DownloadSameFileTwiceApiTest:44 - after method

]]>
    </line>
    <line>
      <![CDATA[2019-03-11 15:50:59 INFO  ServiceFactory:13 - getFileService factory method

]]>
    </line>
    <line>
      <![CDATA[2019-03-11 15:50:59 INFO  ServiceFactory:17 - Creating Rest file service client

]]>
    </line>
    <line>
      <![CDATA[2019-03-11 15:50:59 INFO  FileRESTServiceClient:100 - getListAllFiles method

]]>
    </line>
    <line>
      <![CDATA[2019-03-11 15:50:59 INFO  FileRESTServiceClient:104 - path: http://localhost:8080/MykhailoKozakFileStorageService/fileREST/files

]]>
    </line>
    <line>
      <![CDATA[2019-03-11 15:50:59 INFO  LoggerListener:13 - Test : tryWriteFileTwiceRest , Method : DeleteSameFileTwiceApiTest.tryWriteFileTwiceRest()[pri:0, instance:lab.web.DeleteSameFileTwiceApiTest@69ea3742], Started

]]>
    </line>
    <line>
      <![CDATA[2019-03-11 15:50:59 INFO  LoggerListener:13 - Test : tryWriteFileTwiceRest , Method : DeleteSameFileTwiceApiTest.tryWriteFileTwiceRest()[pri:0, instance:lab.web.DeleteSameFileTwiceApiTest@69ea3742], Started

]]>
    </line>
    <line>
      <![CDATA[2019-03-11 15:50:59 INFO  DeleteSameFileTwiceApiTest:20 - tryWriteAndDeleteFileRest test

]]>
    </line>
    <line>
      <![CDATA[2019-03-11 15:50:59 INFO  ServiceFactory:13 - getFileService factory method

]]>
    </line>
    <line>
      <![CDATA[2019-03-11 15:50:59 INFO  ServiceFactory:17 - Creating Rest file service client

]]>
    </line>
    <line>
      <![CDATA[2019-03-11 15:50:59 INFO  FileRESTServiceClient:125 - deleteFile method

]]>
    </line>
    <line>
      <![CDATA[2019-03-11 15:50:59 INFO  FileRESTServiceClient:130 - path:http://localhost:8080/MykhailoKozakFileStorageService/fileREST/delete/New2

]]>
    </line>
    <line>
      <![CDATA[2019-03-11 15:50:59 INFO  FileRESTServiceClient:36 - buildException

]]>
    </line>
    <line>
      <![CDATA[2019-03-11 15:50:59 INFO  LoggerListener:19 - Test : tryWriteFileTwiceRest , Method : DeleteSameFileTwiceApiTest.tryWriteFileTwiceRest()[pri:0, instance:lab.web.DeleteSameFileTwiceApiTest@69ea3742] passed successful

]]>
    </line>
    <line>
      <![CDATA[2019-03-11 15:50:59 INFO  LoggerListener:19 - Test : tryWriteFileTwiceRest , Method : DeleteSameFileTwiceApiTest.tryWriteFileTwiceRest()[pri:0, instance:lab.web.DeleteSameFileTwiceApiTest@69ea3742] passed successful

]]>
    </line>
    <line>
      <![CDATA[2019-03-11 15:50:59 INFO  DeleteSameFileTwiceApiTest:43 - after method

]]>
    </line>
    <line>
      <![CDATA[2019-03-11 15:50:59 INFO  ServiceFactory:13 - getFileService factory method

]]>
    </line>
    <line>
      <![CDATA[2019-03-11 15:50:59 INFO  ServiceFactory:17 - Creating Rest file service client

]]>
    </line>
    <line>
      <![CDATA[2019-03-11 15:51:00 INFO  FileRESTServiceClient:100 - getListAllFiles method

]]>
    </line>
    <line>
      <![CDATA[2019-03-11 15:51:00 INFO  FileRESTServiceClient:104 - path: http://localhost:8080/MykhailoKozakFileStorageService/fileREST/files

]]>
    </line>
    <line>
      <![CDATA[2019-03-11 15:51:00 INFO  LoggerListener:13 - Test : tryWriteFileTwiceSoap , Method : DeleteSameFileTwiceApiTest.tryWriteFileTwiceSoap()[pri:0, instance:lab.web.DeleteSameFileTwiceApiTest@69ea3742], Started

]]>
    </line>
    <line>
      <![CDATA[2019-03-11 15:51:00 INFO  LoggerListener:13 - Test : tryWriteFileTwiceSoap , Method : DeleteSameFileTwiceApiTest.tryWriteFileTwiceSoap()[pri:0, instance:lab.web.DeleteSameFileTwiceApiTest@69ea3742], Started

]]>
    </line>
    <line>
      <![CDATA[2019-03-11 15:51:00 INFO  DeleteSameFileTwiceApiTest:29 - tryWriteAndDeleteFileSoap test

]]>
    </line>
    <line>
      <![CDATA[2019-03-11 15:51:00 INFO  ServiceFactory:13 - getFileService factory method

]]>
    </line>
    <line>
      <![CDATA[2019-03-11 15:51:00 INFO  ServiceFactory:20 - Creating Soap file service client

]]>
    </line>
    <line>
      <![CDATA[2019-03-11 15:51:00 WARN  LoggerListener:25 - Test : tryWriteFileTwiceSoap , Method : DeleteSameFileTwiceApiTest.tryWriteFileTwiceSoap()[pri:0, instance:lab.web.DeleteSameFileTwiceApiTest@69ea3742] failed in

]]>
    </line>
    <line>
      <![CDATA[2019-03-11 15:51:00 WARN  LoggerListener:25 - Test : tryWriteFileTwiceSoap , Method : DeleteSameFileTwiceApiTest.tryWriteFileTwiceSoap()[pri:0, instance:lab.web.DeleteSameFileTwiceApiTest@69ea3742] failed in

]]>
    </line>
    <line>
      <![CDATA[2019-03-11 15:51:00 INFO  DeleteSameFileTwiceApiTest:43 - after method

]]>
    </line>
    <line>
      <![CDATA[2019-03-11 15:51:00 INFO  ServiceFactory:13 - getFileService factory method

]]>
    </line>
    <line>
      <![CDATA[2019-03-11 15:51:00 INFO  ServiceFactory:17 - Creating Rest file service client

]]>
    </line>
    <line>
      <![CDATA[2019-03-11 15:51:00 INFO  FileRESTServiceClient:100 - getListAllFiles method

]]>
    </line>
    <line>
      <![CDATA[2019-03-11 15:51:00 INFO  FileRESTServiceClient:104 - path: http://localhost:8080/MykhailoKozakFileStorageService/fileREST/files

]]>
    </line>
  </reporter-output>
  <suite name="Suite" duration-ms="38318" started-at="2019-03-11T13:50:22Z" finished-at="2019-03-11T13:51:00Z">
    <groups>
    </groups>
    <test name="Test" duration-ms="38318" started-at="2019-03-11T13:50:22Z" finished-at="2019-03-11T13:51:00Z">
      <class name="lab.web.WriteSameFileTwiceApiTest">
        <test-method status="PASS" signature="tryWriteFileTwiceRest()[pri:0, instance:lab.web.WriteSameFileTwiceApiTest@25bbe1b6]" name="tryWriteFileTwiceRest" duration-ms="458" started-at="2019-03-11T15:50:54Z" finished-at="2019-03-11T15:50:55Z">
          <exception class="lab.web.soap.ServiceException">
            <full-stacktrace>
              <![CDATA[lab.web.soap.ServiceException
	at lab.web.rest.FileRESTServiceClient.buildException(FileRESTServiceClient.java:45)
	at lab.web.rest.FileRESTServiceClient.writeFile(FileRESTServiceClient.java:69)
	at lab.web.WriteSameFileTwiceApiTest.tryWriteFileTwiceRest(WriteSameFileTwiceApiTest.java:23)
	at sun.reflect.NativeMethodAccessorImpl.invoke0(Native Method)
	at sun.reflect.NativeMethodAccessorImpl.invoke(NativeMethodAccessorImpl.java:62)
	at sun.reflect.DelegatingMethodAccessorImpl.invoke(DelegatingMethodAccessorImpl.java:43)
	at java.lang.reflect.Method.invoke(Method.java:498)
	at org.testng.internal.MethodInvocationHelper.invokeMethod(MethodInvocationHelper.java:108)
	at org.testng.internal.Invoker.invokeMethod(Invoker.java:661)
	at org.testng.internal.Invoker.invokeTestMethod(Invoker.java:869)
	at org.testng.internal.Invoker.invokeTestMethods(Invoker.java:1193)
	at org.testng.internal.TestMethodWorker.invokeTestMethods(TestMethodWorker.java:126)
	at org.testng.internal.TestMethodWorker.run(TestMethodWorker.java:109)
	at org.testng.TestRunner.privateRun(TestRunner.java:744)
	at org.testng.TestRunner.run(TestRunner.java:602)
	at org.testng.SuiteRunner.runTest(SuiteRunner.java:380)
	at org.testng.SuiteRunner.runSequentially(SuiteRunner.java:375)
	at org.testng.SuiteRunner.privateRun(SuiteRunner.java:340)
	at org.testng.SuiteRunner.run(SuiteRunner.java:289)
	at org.testng.SuiteRunnerWorker.runSuite(SuiteRunnerWorker.java:52)
	at org.testng.SuiteRunnerWorker.run(SuiteRunnerWorker.java:86)
	at org.testng.TestNG.runSuitesSequentially(TestNG.java:1301)
	at org.testng.TestNG.runSuitesLocally(TestNG.java:1226)
	at org.testng.TestNG.runSuites(TestNG.java:1144)
	at org.testng.TestNG.run(TestNG.java:1115)
	at org.apache.maven.surefire.testng.TestNGExecutor.run(TestNGExecutor.java:283)
	at org.apache.maven.surefire.testng.TestNGXmlTestSuite.execute(TestNGXmlTestSuite.java:75)
	at org.apache.maven.surefire.testng.TestNGProvider.invoke(TestNGProvider.java:120)
	at org.apache.maven.surefire.booter.ForkedBooter.invokeProviderInSameClassLoader(ForkedBooter.java:386)
	at org.apache.maven.surefire.booter.ForkedBooter.runSuitesInProcess(ForkedBooter.java:323)
	at org.apache.maven.surefire.booter.ForkedBooter.main(ForkedBooter.java:143)
]]>
            </full-stacktrace>
          </exception> <!-- lab.web.soap.ServiceException -->
          <reporter-output>
            <line>
              <![CDATA[2019-03-11 15:50:54 INFO  LoggerListener:13 - Test : tryWriteFileTwiceRest , Method : WriteSameFileTwiceApiTest.tryWriteFileTwiceRest()[pri:0, instance:lab.web.WriteSameFileTwiceApiTest@25bbe1b6], Started

]]>
            </line>
            <line>
              <![CDATA[2019-03-11 15:50:54 INFO  LoggerListener:13 - Test : tryWriteFileTwiceRest , Method : WriteSameFileTwiceApiTest.tryWriteFileTwiceRest()[pri:0, instance:lab.web.WriteSameFileTwiceApiTest@25bbe1b6], Started

]]>
            </line>
            <line>
              <![CDATA[2019-03-11 15:50:54 INFO  WriteSameFileTwiceApiTest:20 - tryWriteAndDeleteFileRest test

]]>
            </line>
            <line>
              <![CDATA[2019-03-11 15:50:54 INFO  ServiceFactory:13 - getFileService factory method

]]>
            </line>
            <line>
              <![CDATA[2019-03-11 15:50:54 INFO  ServiceFactory:17 - Creating Rest file service client

]]>
            </line>
            <line>
              <![CDATA[2019-03-11 15:50:54 INFO  FileRESTServiceClient:52 - writeFile method

]]>
            </line>
            <line>
              <![CDATA[2019-03-11 15:50:54 INFO  FileRESTServiceClient:56 - path:http://localhost:8080/MykhailoKozakFileStorageService/fileREST/write?fileName=New2

]]>
            </line>
            <line>
              <![CDATA[2019-03-11 15:50:55 INFO  FileRESTServiceClient:36 - buildException

]]>
            </line>
            <line>
              <![CDATA[2019-03-11 15:50:55 INFO  LoggerListener:19 - Test : tryWriteFileTwiceRest , Method : WriteSameFileTwiceApiTest.tryWriteFileTwiceRest()[pri:0, instance:lab.web.WriteSameFileTwiceApiTest@25bbe1b6] passed successful

]]>
            </line>
            <line>
              <![CDATA[2019-03-11 15:50:55 INFO  LoggerListener:19 - Test : tryWriteFileTwiceRest , Method : WriteSameFileTwiceApiTest.tryWriteFileTwiceRest()[pri:0, instance:lab.web.WriteSameFileTwiceApiTest@25bbe1b6] passed successful

]]>
            </line>
          </reporter-output>
        </test-method> <!-- tryWriteFileTwiceRest -->
        <test-method status="PASS" signature="clearWorkspace()[pri:0, instance:lab.web.WriteSameFileTwiceApiTest@25bbe1b6]" name="clearWorkspace" is-config="true" duration-ms="214" started-at="2019-03-11T15:50:55Z" finished-at="2019-03-11T15:50:55Z">
          <reporter-output>
            <line>
              <![CDATA[2019-03-11 15:50:55 INFO  WriteSameFileTwiceApiTest:43 - after method

]]>
            </line>
            <line>
              <![CDATA[2019-03-11 15:50:55 INFO  ServiceFactory:13 - getFileService factory method

]]>
            </line>
            <line>
              <![CDATA[2019-03-11 15:50:55 INFO  ServiceFactory:17 - Creating Rest file service client

]]>
            </line>
            <line>
              <![CDATA[2019-03-11 15:50:55 INFO  FileRESTServiceClient:100 - getListAllFiles method

]]>
            </line>
            <line>
              <![CDATA[2019-03-11 15:50:55 INFO  FileRESTServiceClient:104 - path: http://localhost:8080/MykhailoKozakFileStorageService/fileREST/files

]]>
            </line>
          </reporter-output>
        </test-method> <!-- clearWorkspace -->
        <test-method status="FAIL" signature="tryWriteFileTwiceSoap()[pri:0, instance:lab.web.WriteSameFileTwiceApiTest@25bbe1b6]" name="tryWriteFileTwiceSoap" duration-ms="2366" started-at="2019-03-11T15:50:55Z" finished-at="2019-03-11T15:50:57Z">
          <exception class="javax.xml.ws.WebServiceException">
            <message>
              <![CDATA[java.lang.NoSuchMethodException: lab.web.soap.ServiceException.<init>(java.lang.String, lab.web.soap.LibraryFault)]]>
            </message>
            <full-stacktrace>
              <![CDATA[javax.xml.ws.WebServiceException: java.lang.NoSuchMethodException: lab.web.soap.ServiceException.<init>(java.lang.String, lab.web.soap.LibraryFault)
	at com.sun.xml.internal.ws.fault.SOAPFaultBuilder.createException(SOAPFaultBuilder.java:138)
	at com.sun.xml.internal.ws.client.sei.StubHandler.readResponse(StubHandler.java:238)
	at com.sun.xml.internal.ws.db.DatabindingImpl.deserializeResponse(DatabindingImpl.java:189)
	at com.sun.xml.internal.ws.db.DatabindingImpl.deserializeResponse(DatabindingImpl.java:276)
	at com.sun.xml.internal.ws.client.sei.SyncMethodHandler.invoke(SyncMethodHandler.java:104)
	at com.sun.xml.internal.ws.client.sei.SyncMethodHandler.invoke(SyncMethodHandler.java:77)
	at com.sun.xml.internal.ws.client.sei.SEIStub.invoke(SEIStub.java:147)
	at com.sun.proxy.$Proxy47.writeFile(Unknown Source)
	at lab.web.WriteSameFileTwiceApiTest.tryWriteFileTwiceSoap(WriteSameFileTwiceApiTest.java:33)
	at sun.reflect.NativeMethodAccessorImpl.invoke0(Native Method)
	at sun.reflect.NativeMethodAccessorImpl.invoke(NativeMethodAccessorImpl.java:62)
	at sun.reflect.DelegatingMethodAccessorImpl.invoke(DelegatingMethodAccessorImpl.java:43)
	at java.lang.reflect.Method.invoke(Method.java:498)
	at org.testng.internal.MethodInvocationHelper.invokeMethod(MethodInvocationHelper.java:108)
	at org.testng.internal.Invoker.invokeMethod(Invoker.java:661)
	at org.testng.internal.Invoker.invokeTestMethod(Invoker.java:869)
	at org.testng.internal.Invoker.invokeTestMethods(Invoker.java:1193)
	at org.testng.internal.TestMethodWorker.invokeTestMethods(TestMethodWorker.java:126)
	at org.testng.internal.TestMethodWorker.run(TestMethodWorker.java:109)
	at org.testng.TestRunner.privateRun(TestRunner.java:744)
	at org.testng.TestRunner.run(TestRunner.java:602)
	at org.testng.SuiteRunner.runTest(SuiteRunner.java:380)
	at org.testng.SuiteRunner.runSequentially(SuiteRunner.java:375)
	at org.testng.SuiteRunner.privateRun(SuiteRunner.java:340)
	at org.testng.SuiteRunner.run(SuiteRunner.java:289)
	at org.testng.SuiteRunnerWorker.runSuite(SuiteRunnerWorker.java:52)
	at org.testng.SuiteRunnerWorker.run(SuiteRunnerWorker.java:86)
	at org.testng.TestNG.runSuitesSequentially(TestNG.java:1301)
	at org.testng.TestNG.runSuitesLocally(TestNG.java:1226)
	at org.testng.TestNG.runSuites(TestNG.java:1144)
	at org.testng.TestNG.run(TestNG.java:1115)
	at org.apache.maven.surefire.testng.TestNGExecutor.run(TestNGExecutor.java:283)
	at org.apache.maven.surefire.testng.TestNGXmlTestSuite.execute(TestNGXmlTestSuite.java:75)
	at org.apache.maven.surefire.testng.TestNGProvider.invoke(TestNGProvider.java:120)
	at org.apache.maven.surefire.booter.ForkedBooter.invokeProviderInSameClassLoader(ForkedBooter.java:386)
	at org.apache.maven.surefire.booter.ForkedBooter.runSuitesInProcess(ForkedBooter.java:323)
	at org.apache.maven.surefire.booter.ForkedBooter.main(ForkedBooter.java:143)
Caused by: java.lang.NoSuchMethodException: lab.web.soap.ServiceException.<init>(java.lang.String, lab.web.soap.LibraryFault)
	at java.lang.Class.getConstructor0(Class.java:3082)
	at java.lang.Class.getConstructor(Class.java:1825)
	at com.sun.xml.internal.ws.fault.SOAPFaultBuilder.createException(SOAPFaultBuilder.java:134)
	... 36 more
]]>
            </full-stacktrace>
          </exception> <!-- javax.xml.ws.WebServiceException -->
          <reporter-output>
            <line>
              <![CDATA[2019-03-11 15:50:55 INFO  LoggerListener:13 - Test : tryWriteFileTwiceSoap , Method : WriteSameFileTwiceApiTest.tryWriteFileTwiceSoap()[pri:0, instance:lab.web.WriteSameFileTwiceApiTest@25bbe1b6], Started

]]>
            </line>
            <line>
              <![CDATA[2019-03-11 15:50:55 INFO  LoggerListener:13 - Test : tryWriteFileTwiceSoap , Method : WriteSameFileTwiceApiTest.tryWriteFileTwiceSoap()[pri:0, instance:lab.web.WriteSameFileTwiceApiTest@25bbe1b6], Started

]]>
            </line>
            <line>
              <![CDATA[2019-03-11 15:50:55 INFO  WriteSameFileTwiceApiTest:29 - tryWriteAndDeleteFileSoap test

]]>
            </line>
            <line>
              <![CDATA[2019-03-11 15:50:55 INFO  ServiceFactory:13 - getFileService factory method

]]>
            </line>
            <line>
              <![CDATA[2019-03-11 15:50:55 INFO  ServiceFactory:20 - Creating Soap file service client

]]>
            </line>
            <line>
              <![CDATA[2019-03-11 15:50:57 WARN  LoggerListener:25 - Test : tryWriteFileTwiceSoap , Method : WriteSameFileTwiceApiTest.tryWriteFileTwiceSoap()[pri:0, instance:lab.web.WriteSameFileTwiceApiTest@25bbe1b6] failed in

]]>
            </line>
            <line>
              <![CDATA[2019-03-11 15:50:57 WARN  LoggerListener:25 - Test : tryWriteFileTwiceSoap , Method : WriteSameFileTwiceApiTest.tryWriteFileTwiceSoap()[pri:0, instance:lab.web.WriteSameFileTwiceApiTest@25bbe1b6] failed in

]]>
            </line>
          </reporter-output>
        </test-method> <!-- tryWriteFileTwiceSoap -->
        <test-method status="PASS" signature="clearWorkspace()[pri:0, instance:lab.web.WriteSameFileTwiceApiTest@25bbe1b6]" name="clearWorkspace" is-config="true" duration-ms="157" started-at="2019-03-11T15:50:57Z" finished-at="2019-03-11T15:50:58Z">
          <reporter-output>
            <line>
              <![CDATA[2019-03-11 15:50:57 INFO  WriteSameFileTwiceApiTest:43 - after method

]]>
            </line>
            <line>
              <![CDATA[2019-03-11 15:50:57 INFO  ServiceFactory:13 - getFileService factory method

]]>
            </line>
            <line>
              <![CDATA[2019-03-11 15:50:57 INFO  ServiceFactory:17 - Creating Rest file service client

]]>
            </line>
            <line>
              <![CDATA[2019-03-11 15:50:58 INFO  FileRESTServiceClient:100 - getListAllFiles method

]]>
            </line>
            <line>
              <![CDATA[2019-03-11 15:50:58 INFO  FileRESTServiceClient:104 - path: http://localhost:8080/MykhailoKozakFileStorageService/fileREST/files

]]>
            </line>
          </reporter-output>
        </test-method> <!-- clearWorkspace -->
      </class> <!-- lab.web.WriteSameFileTwiceApiTest -->
      <class name="lab.web.DeleteSameFileTwiceApiTest">
        <test-method status="PASS" signature="tryWriteFileTwiceRest()[pri:0, instance:lab.web.DeleteSameFileTwiceApiTest@69ea3742]" name="tryWriteFileTwiceRest" duration-ms="227" started-at="2019-03-11T15:50:59Z" finished-at="2019-03-11T15:50:59Z">
          <exception class="lab.web.soap.ServiceException">
            <full-stacktrace>
              <![CDATA[lab.web.soap.ServiceException
	at lab.web.rest.FileRESTServiceClient.buildException(FileRESTServiceClient.java:45)
	at lab.web.rest.FileRESTServiceClient.deleteFile(FileRESTServiceClient.java:138)
	at lab.web.DeleteSameFileTwiceApiTest.tryWriteFileTwiceRest(DeleteSameFileTwiceApiTest.java:23)
	at sun.reflect.NativeMethodAccessorImpl.invoke0(Native Method)
	at sun.reflect.NativeMethodAccessorImpl.invoke(NativeMethodAccessorImpl.java:62)
	at sun.reflect.DelegatingMethodAccessorImpl.invoke(DelegatingMethodAccessorImpl.java:43)
	at java.lang.reflect.Method.invoke(Method.java:498)
	at org.testng.internal.MethodInvocationHelper.invokeMethod(MethodInvocationHelper.java:108)
	at org.testng.internal.Invoker.invokeMethod(Invoker.java:661)
	at org.testng.internal.Invoker.invokeTestMethod(Invoker.java:869)
	at org.testng.internal.Invoker.invokeTestMethods(Invoker.java:1193)
	at org.testng.internal.TestMethodWorker.invokeTestMethods(TestMethodWorker.java:126)
	at org.testng.internal.TestMethodWorker.run(TestMethodWorker.java:109)
	at org.testng.TestRunner.privateRun(TestRunner.java:744)
	at org.testng.TestRunner.run(TestRunner.java:602)
	at org.testng.SuiteRunner.runTest(SuiteRunner.java:380)
	at org.testng.SuiteRunner.runSequentially(SuiteRunner.java:375)
	at org.testng.SuiteRunner.privateRun(SuiteRunner.java:340)
	at org.testng.SuiteRunner.run(SuiteRunner.java:289)
	at org.testng.SuiteRunnerWorker.runSuite(SuiteRunnerWorker.java:52)
	at org.testng.SuiteRunnerWorker.run(SuiteRunnerWorker.java:86)
	at org.testng.TestNG.runSuitesSequentially(TestNG.java:1301)
	at org.testng.TestNG.runSuitesLocally(TestNG.java:1226)
	at org.testng.TestNG.runSuites(TestNG.java:1144)
	at org.testng.TestNG.run(TestNG.java:1115)
	at org.apache.maven.surefire.testng.TestNGExecutor.run(TestNGExecutor.java:283)
	at org.apache.maven.surefire.testng.TestNGXmlTestSuite.execute(TestNGXmlTestSuite.java:75)
	at org.apache.maven.surefire.testng.TestNGProvider.invoke(TestNGProvider.java:120)
	at org.apache.maven.surefire.booter.ForkedBooter.invokeProviderInSameClassLoader(ForkedBooter.java:386)
	at org.apache.maven.surefire.booter.ForkedBooter.runSuitesInProcess(ForkedBooter.java:323)
	at org.apache.maven.surefire.booter.ForkedBooter.main(ForkedBooter.java:143)
]]>
            </full-stacktrace>
          </exception> <!-- lab.web.soap.ServiceException -->
          <reporter-output>
            <line>
              <![CDATA[2019-03-11 15:50:59 INFO  LoggerListener:13 - Test : tryWriteFileTwiceRest , Method : DeleteSameFileTwiceApiTest.tryWriteFileTwiceRest()[pri:0, instance:lab.web.DeleteSameFileTwiceApiTest@69ea3742], Started

]]>
            </line>
            <line>
              <![CDATA[2019-03-11 15:50:59 INFO  LoggerListener:13 - Test : tryWriteFileTwiceRest , Method : DeleteSameFileTwiceApiTest.tryWriteFileTwiceRest()[pri:0, instance:lab.web.DeleteSameFileTwiceApiTest@69ea3742], Started

]]>
            </line>
            <line>
              <![CDATA[2019-03-11 15:50:59 INFO  DeleteSameFileTwiceApiTest:20 - tryWriteAndDeleteFileRest test

]]>
            </line>
            <line>
              <![CDATA[2019-03-11 15:50:59 INFO  ServiceFactory:13 - getFileService factory method

]]>
            </line>
            <line>
              <![CDATA[2019-03-11 15:50:59 INFO  ServiceFactory:17 - Creating Rest file service client

]]>
            </line>
            <line>
              <![CDATA[2019-03-11 15:50:59 INFO  FileRESTServiceClient:125 - deleteFile method

]]>
            </line>
            <line>
              <![CDATA[2019-03-11 15:50:59 INFO  FileRESTServiceClient:130 - path:http://localhost:8080/MykhailoKozakFileStorageService/fileREST/delete/New2

]]>
            </line>
            <line>
              <![CDATA[2019-03-11 15:50:59 INFO  FileRESTServiceClient:36 - buildException

]]>
            </line>
            <line>
              <![CDATA[2019-03-11 15:50:59 INFO  LoggerListener:19 - Test : tryWriteFileTwiceRest , Method : DeleteSameFileTwiceApiTest.tryWriteFileTwiceRest()[pri:0, instance:lab.web.DeleteSameFileTwiceApiTest@69ea3742] passed successful

]]>
            </line>
            <line>
              <![CDATA[2019-03-11 15:50:59 INFO  LoggerListener:19 - Test : tryWriteFileTwiceRest , Method : DeleteSameFileTwiceApiTest.tryWriteFileTwiceRest()[pri:0, instance:lab.web.DeleteSameFileTwiceApiTest@69ea3742] passed successful

]]>
            </line>
          </reporter-output>
        </test-method> <!-- tryWriteFileTwiceRest -->
        <test-method status="PASS" signature="clearWorkspace()[pri:0, instance:lab.web.DeleteSameFileTwiceApiTest@69ea3742]" name="clearWorkspace" is-config="true" duration-ms="235" started-at="2019-03-11T15:50:59Z" finished-at="2019-03-11T15:51:00Z">
          <reporter-output>
            <line>
              <![CDATA[2019-03-11 15:50:59 INFO  DeleteSameFileTwiceApiTest:43 - after method

]]>
            </line>
            <line>
              <![CDATA[2019-03-11 15:50:59 INFO  ServiceFactory:13 - getFileService factory method

]]>
            </line>
            <line>
              <![CDATA[2019-03-11 15:50:59 INFO  ServiceFactory:17 - Creating Rest file service client

]]>
            </line>
            <line>
              <![CDATA[2019-03-11 15:51:00 INFO  FileRESTServiceClient:100 - getListAllFiles method

]]>
            </line>
            <line>
              <![CDATA[2019-03-11 15:51:00 INFO  FileRESTServiceClient:104 - path: http://localhost:8080/MykhailoKozakFileStorageService/fileREST/files

]]>
            </line>
          </reporter-output>
        </test-method> <!-- clearWorkspace -->
        <test-method status="FAIL" signature="tryWriteFileTwiceSoap()[pri:0, instance:lab.web.DeleteSameFileTwiceApiTest@69ea3742]" name="tryWriteFileTwiceSoap" duration-ms="252" started-at="2019-03-11T15:51:00Z" finished-at="2019-03-11T15:51:00Z">
          <exception class="javax.xml.ws.WebServiceException">
            <message>
              <![CDATA[java.lang.NoSuchMethodException: lab.web.soap.ServiceException.<init>(java.lang.String, lab.web.soap.LibraryFault)]]>
            </message>
            <full-stacktrace>
              <![CDATA[javax.xml.ws.WebServiceException: java.lang.NoSuchMethodException: lab.web.soap.ServiceException.<init>(java.lang.String, lab.web.soap.LibraryFault)
	at com.sun.xml.internal.ws.fault.SOAPFaultBuilder.createException(SOAPFaultBuilder.java:138)
	at com.sun.xml.internal.ws.client.sei.StubHandler.readResponse(StubHandler.java:238)
	at com.sun.xml.internal.ws.db.DatabindingImpl.deserializeResponse(DatabindingImpl.java:189)
	at com.sun.xml.internal.ws.db.DatabindingImpl.deserializeResponse(DatabindingImpl.java:276)
	at com.sun.xml.internal.ws.client.sei.SyncMethodHandler.invoke(SyncMethodHandler.java:104)
	at com.sun.xml.internal.ws.client.sei.SyncMethodHandler.invoke(SyncMethodHandler.java:77)
	at com.sun.xml.internal.ws.client.sei.SEIStub.invoke(SEIStub.java:147)
	at com.sun.proxy.$Proxy47.deleteFile(Unknown Source)
	at lab.web.DeleteSameFileTwiceApiTest.tryWriteFileTwiceSoap(DeleteSameFileTwiceApiTest.java:33)
	at sun.reflect.NativeMethodAccessorImpl.invoke0(Native Method)
	at sun.reflect.NativeMethodAccessorImpl.invoke(NativeMethodAccessorImpl.java:62)
	at sun.reflect.DelegatingMethodAccessorImpl.invoke(DelegatingMethodAccessorImpl.java:43)
	at java.lang.reflect.Method.invoke(Method.java:498)
	at org.testng.internal.MethodInvocationHelper.invokeMethod(MethodInvocationHelper.java:108)
	at org.testng.internal.Invoker.invokeMethod(Invoker.java:661)
	at org.testng.internal.Invoker.invokeTestMethod(Invoker.java:869)
	at org.testng.internal.Invoker.invokeTestMethods(Invoker.java:1193)
	at org.testng.internal.TestMethodWorker.invokeTestMethods(TestMethodWorker.java:126)
	at org.testng.internal.TestMethodWorker.run(TestMethodWorker.java:109)
	at org.testng.TestRunner.privateRun(TestRunner.java:744)
	at org.testng.TestRunner.run(TestRunner.java:602)
	at org.testng.SuiteRunner.runTest(SuiteRunner.java:380)
	at org.testng.SuiteRunner.runSequentially(SuiteRunner.java:375)
	at org.testng.SuiteRunner.privateRun(SuiteRunner.java:340)
	at org.testng.SuiteRunner.run(SuiteRunner.java:289)
	at org.testng.SuiteRunnerWorker.runSuite(SuiteRunnerWorker.java:52)
	at org.testng.SuiteRunnerWorker.run(SuiteRunnerWorker.java:86)
	at org.testng.TestNG.runSuitesSequentially(TestNG.java:1301)
	at org.testng.TestNG.runSuitesLocally(TestNG.java:1226)
	at org.testng.TestNG.runSuites(TestNG.java:1144)
	at org.testng.TestNG.run(TestNG.java:1115)
	at org.apache.maven.surefire.testng.TestNGExecutor.run(TestNGExecutor.java:283)
	at org.apache.maven.surefire.testng.TestNGXmlTestSuite.execute(TestNGXmlTestSuite.java:75)
	at org.apache.maven.surefire.testng.TestNGProvider.invoke(TestNGProvider.java:120)
	at org.apache.maven.surefire.booter.ForkedBooter.invokeProviderInSameClassLoader(ForkedBooter.java:386)
	at org.apache.maven.surefire.booter.ForkedBooter.runSuitesInProcess(ForkedBooter.java:323)
	at org.apache.maven.surefire.booter.ForkedBooter.main(ForkedBooter.java:143)
Caused by: java.lang.NoSuchMethodException: lab.web.soap.ServiceException.<init>(java.lang.String, lab.web.soap.LibraryFault)
	at java.lang.Class.getConstructor0(Class.java:3082)
	at java.lang.Class.getConstructor(Class.java:1825)
	at com.sun.xml.internal.ws.fault.SOAPFaultBuilder.createException(SOAPFaultBuilder.java:134)
	... 36 more
]]>
            </full-stacktrace>
          </exception> <!-- javax.xml.ws.WebServiceException -->
          <reporter-output>
            <line>
              <![CDATA[2019-03-11 15:51:00 INFO  LoggerListener:13 - Test : tryWriteFileTwiceSoap , Method : DeleteSameFileTwiceApiTest.tryWriteFileTwiceSoap()[pri:0, instance:lab.web.DeleteSameFileTwiceApiTest@69ea3742], Started

]]>
            </line>
            <line>
              <![CDATA[2019-03-11 15:51:00 INFO  LoggerListener:13 - Test : tryWriteFileTwiceSoap , Method : DeleteSameFileTwiceApiTest.tryWriteFileTwiceSoap()[pri:0, instance:lab.web.DeleteSameFileTwiceApiTest@69ea3742], Started

]]>
            </line>
            <line>
              <![CDATA[2019-03-11 15:51:00 INFO  DeleteSameFileTwiceApiTest:29 - tryWriteAndDeleteFileSoap test

]]>
            </line>
            <line>
              <![CDATA[2019-03-11 15:51:00 INFO  ServiceFactory:13 - getFileService factory method

]]>
            </line>
            <line>
              <![CDATA[2019-03-11 15:51:00 INFO  ServiceFactory:20 - Creating Soap file service client

]]>
            </line>
            <line>
              <![CDATA[2019-03-11 15:51:00 WARN  LoggerListener:25 - Test : tryWriteFileTwiceSoap , Method : DeleteSameFileTwiceApiTest.tryWriteFileTwiceSoap()[pri:0, instance:lab.web.DeleteSameFileTwiceApiTest@69ea3742] failed in

]]>
            </line>
            <line>
              <![CDATA[2019-03-11 15:51:00 WARN  LoggerListener:25 - Test : tryWriteFileTwiceSoap , Method : DeleteSameFileTwiceApiTest.tryWriteFileTwiceSoap()[pri:0, instance:lab.web.DeleteSameFileTwiceApiTest@69ea3742] failed in

]]>
            </line>
          </reporter-output>
        </test-method> <!-- tryWriteFileTwiceSoap -->
        <test-method status="PASS" signature="clearWorkspace()[pri:0, instance:lab.web.DeleteSameFileTwiceApiTest@69ea3742]" name="clearWorkspace" is-config="true" duration-ms="302" started-at="2019-03-11T15:51:00Z" finished-at="2019-03-11T15:51:00Z">
          <reporter-output>
            <line>
              <![CDATA[2019-03-11 15:51:00 INFO  DeleteSameFileTwiceApiTest:43 - after method

]]>
            </line>
            <line>
              <![CDATA[2019-03-11 15:51:00 INFO  ServiceFactory:13 - getFileService factory method

]]>
            </line>
            <line>
              <![CDATA[2019-03-11 15:51:00 INFO  ServiceFactory:17 - Creating Rest file service client

]]>
            </line>
            <line>
              <![CDATA[2019-03-11 15:51:00 INFO  FileRESTServiceClient:100 - getListAllFiles method

]]>
            </line>
            <line>
              <![CDATA[2019-03-11 15:51:00 INFO  FileRESTServiceClient:104 - path: http://localhost:8080/MykhailoKozakFileStorageService/fileREST/files

]]>
            </line>
          </reporter-output>
        </test-method> <!-- clearWorkspace -->
      </class> <!-- lab.web.DeleteSameFileTwiceApiTest -->
      <class name="lab.web.DownloadSameFileTwiceApiTest">
        <test-method status="PASS" signature="tryWriteFileTwiceRest()[pri:0, instance:lab.web.DownloadSameFileTwiceApiTest@5702b3b1]" name="tryWriteFileTwiceRest" duration-ms="336" started-at="2019-03-11T15:50:58Z" finished-at="2019-03-11T15:50:58Z">
          <exception class="lab.web.soap.ServiceException">
            <full-stacktrace>
              <![CDATA[lab.web.soap.ServiceException
	at lab.web.rest.FileRESTServiceClient.buildException(FileRESTServiceClient.java:45)
	at lab.web.rest.FileRESTServiceClient.downloadFile(FileRESTServiceClient.java:93)
	at lab.web.DownloadSameFileTwiceApiTest.tryWriteFileTwiceRest(DownloadSameFileTwiceApiTest.java:24)
	at sun.reflect.NativeMethodAccessorImpl.invoke0(Native Method)
	at sun.reflect.NativeMethodAccessorImpl.invoke(NativeMethodAccessorImpl.java:62)
	at sun.reflect.DelegatingMethodAccessorImpl.invoke(DelegatingMethodAccessorImpl.java:43)
	at java.lang.reflect.Method.invoke(Method.java:498)
	at org.testng.internal.MethodInvocationHelper.invokeMethod(MethodInvocationHelper.java:108)
	at org.testng.internal.Invoker.invokeMethod(Invoker.java:661)
	at org.testng.internal.Invoker.invokeTestMethod(Invoker.java:869)
	at org.testng.internal.Invoker.invokeTestMethods(Invoker.java:1193)
	at org.testng.internal.TestMethodWorker.invokeTestMethods(TestMethodWorker.java:126)
	at org.testng.internal.TestMethodWorker.run(TestMethodWorker.java:109)
	at org.testng.TestRunner.privateRun(TestRunner.java:744)
	at org.testng.TestRunner.run(TestRunner.java:602)
	at org.testng.SuiteRunner.runTest(SuiteRunner.java:380)
	at org.testng.SuiteRunner.runSequentially(SuiteRunner.java:375)
	at org.testng.SuiteRunner.privateRun(SuiteRunner.java:340)
	at org.testng.SuiteRunner.run(SuiteRunner.java:289)
	at org.testng.SuiteRunnerWorker.runSuite(SuiteRunnerWorker.java:52)
	at org.testng.SuiteRunnerWorker.run(SuiteRunnerWorker.java:86)
	at org.testng.TestNG.runSuitesSequentially(TestNG.java:1301)
	at org.testng.TestNG.runSuitesLocally(TestNG.java:1226)
	at org.testng.TestNG.runSuites(TestNG.java:1144)
	at org.testng.TestNG.run(TestNG.java:1115)
	at org.apache.maven.surefire.testng.TestNGExecutor.run(TestNGExecutor.java:283)
	at org.apache.maven.surefire.testng.TestNGXmlTestSuite.execute(TestNGXmlTestSuite.java:75)
	at org.apache.maven.surefire.testng.TestNGProvider.invoke(TestNGProvider.java:120)
	at org.apache.maven.surefire.booter.ForkedBooter.invokeProviderInSameClassLoader(ForkedBooter.java:386)
	at org.apache.maven.surefire.booter.ForkedBooter.runSuitesInProcess(ForkedBooter.java:323)
	at org.apache.maven.surefire.booter.ForkedBooter.main(ForkedBooter.java:143)
]]>
            </full-stacktrace>
          </exception> <!-- lab.web.soap.ServiceException -->
          <reporter-output>
            <line>
              <![CDATA[2019-03-11 15:50:58 INFO  LoggerListener:13 - Test : tryWriteFileTwiceRest , Method : DownloadSameFileTwiceApiTest.tryWriteFileTwiceRest()[pri:0, instance:lab.web.DownloadSameFileTwiceApiTest@5702b3b1], Started

]]>
            </line>
            <line>
              <![CDATA[2019-03-11 15:50:58 INFO  LoggerListener:13 - Test : tryWriteFileTwiceRest , Method : DownloadSameFileTwiceApiTest.tryWriteFileTwiceRest()[pri:0, instance:lab.web.DownloadSameFileTwiceApiTest@5702b3b1], Started

]]>
            </line>
            <line>
              <![CDATA[2019-03-11 15:50:58 INFO  DownloadSameFileTwiceApiTest:21 - tryWriteAndDeleteFileRest test

]]>
            </line>
            <line>
              <![CDATA[2019-03-11 15:50:58 INFO  ServiceFactory:13 - getFileService factory method

]]>
            </line>
            <line>
              <![CDATA[2019-03-11 15:50:58 INFO  ServiceFactory:17 - Creating Rest file service client

]]>
            </line>
            <line>
              <![CDATA[2019-03-11 15:50:58 INFO  FileRESTServiceClient:76 - downloadFile method

]]>
            </line>
            <line>
              <![CDATA[2019-03-11 15:50:58 INFO  FileRESTServiceClient:81 - path:http://localhost:8080/MykhailoKozakFileStorageService/fileREST/download?fileName=New2&filePath=src/test

]]>
            </line>
            <line>
              <![CDATA[2019-03-11 15:50:58 INFO  FileRESTServiceClient:36 - buildException

]]>
            </line>
            <line>
              <![CDATA[2019-03-11 15:50:58 INFO  LoggerListener:19 - Test : tryWriteFileTwiceRest , Method : DownloadSameFileTwiceApiTest.tryWriteFileTwiceRest()[pri:0, instance:lab.web.DownloadSameFileTwiceApiTest@5702b3b1] passed successful

]]>
            </line>
            <line>
              <![CDATA[2019-03-11 15:50:58 INFO  LoggerListener:19 - Test : tryWriteFileTwiceRest , Method : DownloadSameFileTwiceApiTest.tryWriteFileTwiceRest()[pri:0, instance:lab.web.DownloadSameFileTwiceApiTest@5702b3b1] passed successful

]]>
            </line>
          </reporter-output>
        </test-method> <!-- tryWriteFileTwiceRest -->
        <test-method status="PASS" signature="clearWorkspace()[pri:0, instance:lab.web.DownloadSameFileTwiceApiTest@5702b3b1]" name="clearWorkspace" is-config="true" duration-ms="317" started-at="2019-03-11T15:50:58Z" finished-at="2019-03-11T15:50:58Z">
          <reporter-output>
            <line>
              <![CDATA[2019-03-11 15:50:58 INFO  DownloadSameFileTwiceApiTest:44 - after method

]]>
            </line>
            <line>
              <![CDATA[2019-03-11 15:50:58 INFO  ServiceFactory:13 - getFileService factory method

]]>
            </line>
            <line>
              <![CDATA[2019-03-11 15:50:58 INFO  ServiceFactory:17 - Creating Rest file service client

]]>
            </line>
            <line>
              <![CDATA[2019-03-11 15:50:58 INFO  FileRESTServiceClient:100 - getListAllFiles method

]]>
            </line>
            <line>
              <![CDATA[2019-03-11 15:50:58 INFO  FileRESTServiceClient:104 - path: http://localhost:8080/MykhailoKozakFileStorageService/fileREST/files

]]>
            </line>
          </reporter-output>
        </test-method> <!-- clearWorkspace -->
        <test-method status="FAIL" signature="tryWriteFileTwiceSoap()[pri:0, instance:lab.web.DownloadSameFileTwiceApiTest@5702b3b1]" name="tryWriteFileTwiceSoap" duration-ms="814" started-at="2019-03-11T15:50:58Z" finished-at="2019-03-11T15:50:59Z">
          <exception class="javax.xml.ws.WebServiceException">
            <message>
              <![CDATA[java.lang.NoSuchMethodException: lab.web.soap.ServiceException.<init>(java.lang.String, lab.web.soap.LibraryFault)]]>
            </message>
            <full-stacktrace>
              <![CDATA[javax.xml.ws.WebServiceException: java.lang.NoSuchMethodException: lab.web.soap.ServiceException.<init>(java.lang.String, lab.web.soap.LibraryFault)
	at com.sun.xml.internal.ws.fault.SOAPFaultBuilder.createException(SOAPFaultBuilder.java:138)
	at com.sun.xml.internal.ws.client.sei.StubHandler.readResponse(StubHandler.java:238)
	at com.sun.xml.internal.ws.db.DatabindingImpl.deserializeResponse(DatabindingImpl.java:189)
	at com.sun.xml.internal.ws.db.DatabindingImpl.deserializeResponse(DatabindingImpl.java:276)
	at com.sun.xml.internal.ws.client.sei.SyncMethodHandler.invoke(SyncMethodHandler.java:104)
	at com.sun.xml.internal.ws.client.sei.SyncMethodHandler.invoke(SyncMethodHandler.java:77)
	at com.sun.xml.internal.ws.client.sei.SEIStub.invoke(SEIStub.java:147)
	at com.sun.proxy.$Proxy47.downloadFile(Unknown Source)
	at lab.web.DownloadSameFileTwiceApiTest.tryWriteFileTwiceSoap(DownloadSameFileTwiceApiTest.java:34)
	at sun.reflect.NativeMethodAccessorImpl.invoke0(Native Method)
	at sun.reflect.NativeMethodAccessorImpl.invoke(NativeMethodAccessorImpl.java:62)
	at sun.reflect.DelegatingMethodAccessorImpl.invoke(DelegatingMethodAccessorImpl.java:43)
	at java.lang.reflect.Method.invoke(Method.java:498)
	at org.testng.internal.MethodInvocationHelper.invokeMethod(MethodInvocationHelper.java:108)
	at org.testng.internal.Invoker.invokeMethod(Invoker.java:661)
	at org.testng.internal.Invoker.invokeTestMethod(Invoker.java:869)
	at org.testng.internal.Invoker.invokeTestMethods(Invoker.java:1193)
	at org.testng.internal.TestMethodWorker.invokeTestMethods(TestMethodWorker.java:126)
	at org.testng.internal.TestMethodWorker.run(TestMethodWorker.java:109)
	at org.testng.TestRunner.privateRun(TestRunner.java:744)
	at org.testng.TestRunner.run(TestRunner.java:602)
	at org.testng.SuiteRunner.runTest(SuiteRunner.java:380)
	at org.testng.SuiteRunner.runSequentially(SuiteRunner.java:375)
	at org.testng.SuiteRunner.privateRun(SuiteRunner.java:340)
	at org.testng.SuiteRunner.run(SuiteRunner.java:289)
	at org.testng.SuiteRunnerWorker.runSuite(SuiteRunnerWorker.java:52)
	at org.testng.SuiteRunnerWorker.run(SuiteRunnerWorker.java:86)
	at org.testng.TestNG.runSuitesSequentially(TestNG.java:1301)
	at org.testng.TestNG.runSuitesLocally(TestNG.java:1226)
	at org.testng.TestNG.runSuites(TestNG.java:1144)
	at org.testng.TestNG.run(TestNG.java:1115)
	at org.apache.maven.surefire.testng.TestNGExecutor.run(TestNGExecutor.java:283)
	at org.apache.maven.surefire.testng.TestNGXmlTestSuite.execute(TestNGXmlTestSuite.java:75)
	at org.apache.maven.surefire.testng.TestNGProvider.invoke(TestNGProvider.java:120)
	at org.apache.maven.surefire.booter.ForkedBooter.invokeProviderInSameClassLoader(ForkedBooter.java:386)
	at org.apache.maven.surefire.booter.ForkedBooter.runSuitesInProcess(ForkedBooter.java:323)
	at org.apache.maven.surefire.booter.ForkedBooter.main(ForkedBooter.java:143)
Caused by: java.lang.NoSuchMethodException: lab.web.soap.ServiceException.<init>(java.lang.String, lab.web.soap.LibraryFault)
	at java.lang.Class.getConstructor0(Class.java:3082)
	at java.lang.Class.getConstructor(Class.java:1825)
	at com.sun.xml.internal.ws.fault.SOAPFaultBuilder.createException(SOAPFaultBuilder.java:134)
	... 36 more
]]>
            </full-stacktrace>
          </exception> <!-- javax.xml.ws.WebServiceException -->
          <reporter-output>
            <line>
              <![CDATA[2019-03-11 15:50:58 INFO  LoggerListener:13 - Test : tryWriteFileTwiceSoap , Method : DownloadSameFileTwiceApiTest.tryWriteFileTwiceSoap()[pri:0, instance:lab.web.DownloadSameFileTwiceApiTest@5702b3b1], Started

]]>
            </line>
            <line>
              <![CDATA[2019-03-11 15:50:58 INFO  LoggerListener:13 - Test : tryWriteFileTwiceSoap , Method : DownloadSameFileTwiceApiTest.tryWriteFileTwiceSoap()[pri:0, instance:lab.web.DownloadSameFileTwiceApiTest@5702b3b1], Started

]]>
            </line>
            <line>
              <![CDATA[2019-03-11 15:50:58 INFO  DownloadSameFileTwiceApiTest:30 - tryWriteAndDeleteFileSoap test

]]>
            </line>
            <line>
              <![CDATA[2019-03-11 15:50:58 INFO  ServiceFactory:13 - getFileService factory method

]]>
            </line>
            <line>
              <![CDATA[2019-03-11 15:50:58 INFO  ServiceFactory:20 - Creating Soap file service client

]]>
            </line>
            <line>
              <![CDATA[2019-03-11 15:50:59 WARN  LoggerListener:25 - Test : tryWriteFileTwiceSoap , Method : DownloadSameFileTwiceApiTest.tryWriteFileTwiceSoap()[pri:0, instance:lab.web.DownloadSameFileTwiceApiTest@5702b3b1] failed in

]]>
            </line>
            <line>
              <![CDATA[2019-03-11 15:50:59 WARN  LoggerListener:25 - Test : tryWriteFileTwiceSoap , Method : DownloadSameFileTwiceApiTest.tryWriteFileTwiceSoap()[pri:0, instance:lab.web.DownloadSameFileTwiceApiTest@5702b3b1] failed in

]]>
            </line>
          </reporter-output>
        </test-method> <!-- tryWriteFileTwiceSoap -->
        <test-method status="PASS" signature="clearWorkspace()[pri:0, instance:lab.web.DownloadSameFileTwiceApiTest@5702b3b1]" name="clearWorkspace" is-config="true" duration-ms="131" started-at="2019-03-11T15:50:59Z" finished-at="2019-03-11T15:50:59Z">
          <reporter-output>
            <line>
              <![CDATA[2019-03-11 15:50:59 INFO  DownloadSameFileTwiceApiTest:44 - after method

]]>
            </line>
            <line>
              <![CDATA[2019-03-11 15:50:59 INFO  ServiceFactory:13 - getFileService factory method

]]>
            </line>
            <line>
              <![CDATA[2019-03-11 15:50:59 INFO  ServiceFactory:17 - Creating Rest file service client

]]>
            </line>
            <line>
              <![CDATA[2019-03-11 15:50:59 INFO  FileRESTServiceClient:100 - getListAllFiles method

]]>
            </line>
            <line>
              <![CDATA[2019-03-11 15:50:59 INFO  FileRESTServiceClient:104 - path: http://localhost:8080/MykhailoKozakFileStorageService/fileREST/files

]]>
            </line>
          </reporter-output>
        </test-method> <!-- clearWorkspace -->
      </class> <!-- lab.web.DownloadSameFileTwiceApiTest -->
      <class name="lab.web.WriteDeleteFiveTimesApiTest">
        <test-method status="PASS" signature="tryWriteAndDeleteFileRest()[pri:0, instance:lab.web.WriteDeleteFiveTimesApiTest@ff5b51f]" name="tryWriteAndDeleteFileRest" duration-ms="299" started-at="2019-03-11T15:50:53Z" finished-at="2019-03-11T15:50:53Z">
          <exception class="lab.web.soap.ServiceException">
            <full-stacktrace>
              <![CDATA[lab.web.soap.ServiceException
	at lab.web.rest.FileRESTServiceClient.buildException(FileRESTServiceClient.java:45)
	at lab.web.rest.FileRESTServiceClient.writeFile(FileRESTServiceClient.java:69)
	at lab.web.WriteDeleteFiveTimesApiTest.tryWriteAndDeleteFileRest(WriteDeleteFiveTimesApiTest.java:23)
	at sun.reflect.NativeMethodAccessorImpl.invoke0(Native Method)
	at sun.reflect.NativeMethodAccessorImpl.invoke(NativeMethodAccessorImpl.java:62)
	at sun.reflect.DelegatingMethodAccessorImpl.invoke(DelegatingMethodAccessorImpl.java:43)
	at java.lang.reflect.Method.invoke(Method.java:498)
	at org.testng.internal.MethodInvocationHelper.invokeMethod(MethodInvocationHelper.java:108)
	at org.testng.internal.Invoker.invokeMethod(Invoker.java:661)
	at org.testng.internal.Invoker.invokeTestMethod(Invoker.java:869)
	at org.testng.internal.Invoker.invokeTestMethods(Invoker.java:1193)
	at org.testng.internal.TestMethodWorker.invokeTestMethods(TestMethodWorker.java:126)
	at org.testng.internal.TestMethodWorker.run(TestMethodWorker.java:109)
	at org.testng.TestRunner.privateRun(TestRunner.java:744)
	at org.testng.TestRunner.run(TestRunner.java:602)
	at org.testng.SuiteRunner.runTest(SuiteRunner.java:380)
	at org.testng.SuiteRunner.runSequentially(SuiteRunner.java:375)
	at org.testng.SuiteRunner.privateRun(SuiteRunner.java:340)
	at org.testng.SuiteRunner.run(SuiteRunner.java:289)
	at org.testng.SuiteRunnerWorker.runSuite(SuiteRunnerWorker.java:52)
	at org.testng.SuiteRunnerWorker.run(SuiteRunnerWorker.java:86)
	at org.testng.TestNG.runSuitesSequentially(TestNG.java:1301)
	at org.testng.TestNG.runSuitesLocally(TestNG.java:1226)
	at org.testng.TestNG.runSuites(TestNG.java:1144)
	at org.testng.TestNG.run(TestNG.java:1115)
	at org.apache.maven.surefire.testng.TestNGExecutor.run(TestNGExecutor.java:283)
	at org.apache.maven.surefire.testng.TestNGXmlTestSuite.execute(TestNGXmlTestSuite.java:75)
	at org.apache.maven.surefire.testng.TestNGProvider.invoke(TestNGProvider.java:120)
	at org.apache.maven.surefire.booter.ForkedBooter.invokeProviderInSameClassLoader(ForkedBooter.java:386)
	at org.apache.maven.surefire.booter.ForkedBooter.runSuitesInProcess(ForkedBooter.java:323)
	at org.apache.maven.surefire.booter.ForkedBooter.main(ForkedBooter.java:143)
]]>
            </full-stacktrace>
          </exception> <!-- lab.web.soap.ServiceException -->
          <reporter-output>
            <line>
              <![CDATA[2019-03-11 15:50:53 INFO  LoggerListener:13 - Test : tryWriteAndDeleteFileRest , Method : WriteDeleteFiveTimesApiTest.tryWriteAndDeleteFileRest()[pri:0, instance:lab.web.WriteDeleteFiveTimesApiTest@ff5b51f], Started

]]>
            </line>
            <line>
              <![CDATA[2019-03-11 15:50:53 INFO  LoggerListener:13 - Test : tryWriteAndDeleteFileRest , Method : WriteDeleteFiveTimesApiTest.tryWriteAndDeleteFileRest()[pri:0, instance:lab.web.WriteDeleteFiveTimesApiTest@ff5b51f], Started

]]>
            </line>
            <line>
              <![CDATA[2019-03-11 15:50:53 INFO  WriteDeleteFiveTimesApiTest:20 - tryWriteAndDeleteFileRest test

]]>
            </line>
            <line>
              <![CDATA[2019-03-11 15:50:53 INFO  ServiceFactory:13 - getFileService factory method

]]>
            </line>
            <line>
              <![CDATA[2019-03-11 15:50:53 INFO  ServiceFactory:17 - Creating Rest file service client

]]>
            </line>
            <line>
              <![CDATA[2019-03-11 15:50:53 INFO  FileRESTServiceClient:52 - writeFile method

]]>
            </line>
            <line>
              <![CDATA[2019-03-11 15:50:53 INFO  FileRESTServiceClient:56 - path:http://localhost:8080/MykhailoKozakFileStorageService/fileREST/write?fileName=New2

]]>
            </line>
            <line>
              <![CDATA[2019-03-11 15:50:53 INFO  FileRESTServiceClient:36 - buildException

]]>
            </line>
            <line>
              <![CDATA[2019-03-11 15:50:53 INFO  LoggerListener:19 - Test : tryWriteAndDeleteFileRest , Method : WriteDeleteFiveTimesApiTest.tryWriteAndDeleteFileRest()[pri:0, instance:lab.web.WriteDeleteFiveTimesApiTest@ff5b51f] passed successful

]]>
            </line>
            <line>
              <![CDATA[2019-03-11 15:50:53 INFO  LoggerListener:19 - Test : tryWriteAndDeleteFileRest , Method : WriteDeleteFiveTimesApiTest.tryWriteAndDeleteFileRest()[pri:0, instance:lab.web.WriteDeleteFiveTimesApiTest@ff5b51f] passed successful

]]>
            </line>
          </reporter-output>
        </test-method> <!-- tryWriteAndDeleteFileRest -->
        <test-method status="PASS" signature="clearWorkspace()[pri:0, instance:lab.web.WriteDeleteFiveTimesApiTest@ff5b51f]" name="clearWorkspace" is-config="true" duration-ms="264" started-at="2019-03-11T15:50:53Z" finished-at="2019-03-11T15:50:54Z">
          <reporter-output>
            <line>
              <![CDATA[2019-03-11 15:50:53 INFO  WriteDeleteFiveTimesApiTest:59 - after method

]]>
            </line>
            <line>
              <![CDATA[2019-03-11 15:50:53 INFO  ServiceFactory:13 - getFileService factory method

]]>
            </line>
            <line>
              <![CDATA[2019-03-11 15:50:53 INFO  ServiceFactory:17 - Creating Rest file service client

]]>
            </line>
            <line>
              <![CDATA[2019-03-11 15:50:54 INFO  FileRESTServiceClient:100 - getListAllFiles method

]]>
            </line>
            <line>
              <![CDATA[2019-03-11 15:50:54 INFO  FileRESTServiceClient:104 - path: http://localhost:8080/MykhailoKozakFileStorageService/fileREST/files

]]>
            </line>
          </reporter-output>
        </test-method> <!-- clearWorkspace -->
        <test-method status="PASS" signature="tryWriteAndDeleteFileSoap()[pri:0, instance:lab.web.WriteDeleteFiveTimesApiTest@ff5b51f]" name="tryWriteAndDeleteFileSoap" duration-ms="519" started-at="2019-03-11T15:50:54Z" finished-at="2019-03-11T15:50:54Z">
          <exception class="lab.web.soap.ServiceException">
            <full-stacktrace>
              <![CDATA[lab.web.soap.ServiceException
	at lab.web.WriteDeleteFiveTimesApiTest.tryWriteAndDeleteFileSoap(WriteDeleteFiveTimesApiTest.java:54)
	at sun.reflect.NativeMethodAccessorImpl.invoke0(Native Method)
	at sun.reflect.NativeMethodAccessorImpl.invoke(NativeMethodAccessorImpl.java:62)
	at sun.reflect.DelegatingMethodAccessorImpl.invoke(DelegatingMethodAccessorImpl.java:43)
	at java.lang.reflect.Method.invoke(Method.java:498)
	at org.testng.internal.MethodInvocationHelper.invokeMethod(MethodInvocationHelper.java:108)
	at org.testng.internal.Invoker.invokeMethod(Invoker.java:661)
	at org.testng.internal.Invoker.invokeTestMethod(Invoker.java:869)
	at org.testng.internal.Invoker.invokeTestMethods(Invoker.java:1193)
	at org.testng.internal.TestMethodWorker.invokeTestMethods(TestMethodWorker.java:126)
	at org.testng.internal.TestMethodWorker.run(TestMethodWorker.java:109)
	at org.testng.TestRunner.privateRun(TestRunner.java:744)
	at org.testng.TestRunner.run(TestRunner.java:602)
	at org.testng.SuiteRunner.runTest(SuiteRunner.java:380)
	at org.testng.SuiteRunner.runSequentially(SuiteRunner.java:375)
	at org.testng.SuiteRunner.privateRun(SuiteRunner.java:340)
	at org.testng.SuiteRunner.run(SuiteRunner.java:289)
	at org.testng.SuiteRunnerWorker.runSuite(SuiteRunnerWorker.java:52)
	at org.testng.SuiteRunnerWorker.run(SuiteRunnerWorker.java:86)
	at org.testng.TestNG.runSuitesSequentially(TestNG.java:1301)
	at org.testng.TestNG.runSuitesLocally(TestNG.java:1226)
	at org.testng.TestNG.runSuites(TestNG.java:1144)
	at org.testng.TestNG.run(TestNG.java:1115)
	at org.apache.maven.surefire.testng.TestNGExecutor.run(TestNGExecutor.java:283)
	at org.apache.maven.surefire.testng.TestNGXmlTestSuite.execute(TestNGXmlTestSuite.java:75)
	at org.apache.maven.surefire.testng.TestNGProvider.invoke(TestNGProvider.java:120)
	at org.apache.maven.surefire.booter.ForkedBooter.invokeProviderInSameClassLoader(ForkedBooter.java:386)
	at org.apache.maven.surefire.booter.ForkedBooter.runSuitesInProcess(ForkedBooter.java:323)
	at org.apache.maven.surefire.booter.ForkedBooter.main(ForkedBooter.java:143)
]]>
            </full-stacktrace>
          </exception> <!-- lab.web.soap.ServiceException -->
          <reporter-output>
            <line>
              <![CDATA[2019-03-11 15:50:54 INFO  LoggerListener:13 - Test : tryWriteAndDeleteFileSoap , Method : WriteDeleteFiveTimesApiTest.tryWriteAndDeleteFileSoap()[pri:0, instance:lab.web.WriteDeleteFiveTimesApiTest@ff5b51f], Started

]]>
            </line>
            <line>
              <![CDATA[2019-03-11 15:50:54 INFO  LoggerListener:13 - Test : tryWriteAndDeleteFileSoap , Method : WriteDeleteFiveTimesApiTest.tryWriteAndDeleteFileSoap()[pri:0, instance:lab.web.WriteDeleteFiveTimesApiTest@ff5b51f], Started

]]>
            </line>
            <line>
              <![CDATA[2019-03-11 15:50:54 INFO  WriteDeleteFiveTimesApiTest:37 - tryWriteAndDeleteFileSoap test

]]>
            </line>
            <line>
              <![CDATA[2019-03-11 15:50:54 INFO  ServiceFactory:13 - getFileService factory method

]]>
            </line>
            <line>
              <![CDATA[2019-03-11 15:50:54 INFO  ServiceFactory:20 - Creating Soap file service client

]]>
            </line>
            <line>
              <![CDATA[2019-03-11 15:50:54 INFO  LoggerListener:19 - Test : tryWriteAndDeleteFileSoap , Method : WriteDeleteFiveTimesApiTest.tryWriteAndDeleteFileSoap()[pri:0, instance:lab.web.WriteDeleteFiveTimesApiTest@ff5b51f] passed successful

]]>
            </line>
            <line>
              <![CDATA[2019-03-11 15:50:54 INFO  LoggerListener:19 - Test : tryWriteAndDeleteFileSoap , Method : WriteDeleteFiveTimesApiTest.tryWriteAndDeleteFileSoap()[pri:0, instance:lab.web.WriteDeleteFiveTimesApiTest@ff5b51f] passed successful

]]>
            </line>
          </reporter-output>
        </test-method> <!-- tryWriteAndDeleteFileSoap -->
        <test-method status="PASS" signature="clearWorkspace()[pri:0, instance:lab.web.WriteDeleteFiveTimesApiTest@ff5b51f]" name="clearWorkspace" is-config="true" duration-ms="230" started-at="2019-03-11T15:50:54Z" finished-at="2019-03-11T15:50:54Z">
          <reporter-output>
            <line>
              <![CDATA[2019-03-11 15:50:54 INFO  WriteDeleteFiveTimesApiTest:59 - after method

]]>
            </line>
            <line>
              <![CDATA[2019-03-11 15:50:54 INFO  ServiceFactory:13 - getFileService factory method

]]>
            </line>
            <line>
              <![CDATA[2019-03-11 15:50:54 INFO  ServiceFactory:17 - Creating Rest file service client

]]>
            </line>
            <line>
              <![CDATA[2019-03-11 15:50:54 INFO  FileRESTServiceClient:100 - getListAllFiles method

]]>
            </line>
            <line>
              <![CDATA[2019-03-11 15:50:54 INFO  FileRESTServiceClient:104 - path: http://localhost:8080/MykhailoKozakFileStorageService/fileREST/files

]]>
            </line>
          </reporter-output>
        </test-method> <!-- clearWorkspace -->
      </class> <!-- lab.web.WriteDeleteFiveTimesApiTest -->
      <class name="lab.web.WriteDeleteApiTest">
        <test-method status="PASS" signature="tryWriteAndDeleteFileRest()[pri:0, instance:lab.web.WriteDeleteApiTest@1ed4004b]" name="tryWriteAndDeleteFileRest" duration-ms="15843" started-at="2019-03-11T15:50:22Z" finished-at="2019-03-11T15:50:38Z">
          <exception class="lab.web.soap.ServiceException">
            <full-stacktrace>
              <![CDATA[lab.web.soap.ServiceException
	at lab.web.rest.FileRESTServiceClient.buildException(FileRESTServiceClient.java:45)
	at lab.web.rest.FileRESTServiceClient.writeFile(FileRESTServiceClient.java:69)
	at lab.web.WriteDeleteApiTest.tryWriteAndDeleteFileRest(WriteDeleteApiTest.java:23)
	at sun.reflect.NativeMethodAccessorImpl.invoke0(Native Method)
	at sun.reflect.NativeMethodAccessorImpl.invoke(NativeMethodAccessorImpl.java:62)
	at sun.reflect.DelegatingMethodAccessorImpl.invoke(DelegatingMethodAccessorImpl.java:43)
	at java.lang.reflect.Method.invoke(Method.java:498)
	at org.testng.internal.MethodInvocationHelper.invokeMethod(MethodInvocationHelper.java:108)
	at org.testng.internal.Invoker.invokeMethod(Invoker.java:661)
	at org.testng.internal.Invoker.invokeTestMethod(Invoker.java:869)
	at org.testng.internal.Invoker.invokeTestMethods(Invoker.java:1193)
	at org.testng.internal.TestMethodWorker.invokeTestMethods(TestMethodWorker.java:126)
	at org.testng.internal.TestMethodWorker.run(TestMethodWorker.java:109)
	at org.testng.TestRunner.privateRun(TestRunner.java:744)
	at org.testng.TestRunner.run(TestRunner.java:602)
	at org.testng.SuiteRunner.runTest(SuiteRunner.java:380)
	at org.testng.SuiteRunner.runSequentially(SuiteRunner.java:375)
	at org.testng.SuiteRunner.privateRun(SuiteRunner.java:340)
	at org.testng.SuiteRunner.run(SuiteRunner.java:289)
	at org.testng.SuiteRunnerWorker.runSuite(SuiteRunnerWorker.java:52)
	at org.testng.SuiteRunnerWorker.run(SuiteRunnerWorker.java:86)
	at org.testng.TestNG.runSuitesSequentially(TestNG.java:1301)
	at org.testng.TestNG.runSuitesLocally(TestNG.java:1226)
	at org.testng.TestNG.runSuites(TestNG.java:1144)
	at org.testng.TestNG.run(TestNG.java:1115)
	at org.apache.maven.surefire.testng.TestNGExecutor.run(TestNGExecutor.java:283)
	at org.apache.maven.surefire.testng.TestNGXmlTestSuite.execute(TestNGXmlTestSuite.java:75)
	at org.apache.maven.surefire.testng.TestNGProvider.invoke(TestNGProvider.java:120)
	at org.apache.maven.surefire.booter.ForkedBooter.invokeProviderInSameClassLoader(ForkedBooter.java:386)
	at org.apache.maven.surefire.booter.ForkedBooter.runSuitesInProcess(ForkedBooter.java:323)
	at org.apache.maven.surefire.booter.ForkedBooter.main(ForkedBooter.java:143)
]]>
            </full-stacktrace>
          </exception> <!-- lab.web.soap.ServiceException -->
          <reporter-output>
            <line>
              <![CDATA[2019-03-11 15:50:22 INFO  LoggerListener:13 - Test : tryWriteAndDeleteFileRest , Method : WriteDeleteApiTest.tryWriteAndDeleteFileRest()[pri:0, instance:lab.web.WriteDeleteApiTest@1ed4004b], Started

]]>
            </line>
            <line>
              <![CDATA[2019-03-11 15:50:22 INFO  LoggerListener:13 - Test : tryWriteAndDeleteFileRest , Method : WriteDeleteApiTest.tryWriteAndDeleteFileRest()[pri:0, instance:lab.web.WriteDeleteApiTest@1ed4004b], Started

]]>
            </line>
            <line>
              <![CDATA[2019-03-11 15:50:22 INFO  WriteDeleteApiTest:20 - tryWriteAndDeleteFileRest test

]]>
            </line>
            <line>
              <![CDATA[2019-03-11 15:50:22 INFO  ServiceFactory:13 - getFileService factory method

]]>
            </line>
            <line>
              <![CDATA[2019-03-11 15:50:22 INFO  ServiceFactory:17 - Creating Rest file service client

]]>
            </line>
            <line>
              <![CDATA[2019-03-11 15:50:23 INFO  FileRESTServiceClient:52 - writeFile method

]]>
            </line>
            <line>
              <![CDATA[2019-03-11 15:50:24 INFO  FileRESTServiceClient:56 - path:http://localhost:8080/MykhailoKozakFileStorageService/fileREST/write?fileName=New2

]]>
            </line>
            <line>
              <![CDATA[2019-03-11 15:50:38 INFO  FileRESTServiceClient:36 - buildException

]]>
            </line>
            <line>
              <![CDATA[2019-03-11 15:50:38 INFO  LoggerListener:19 - Test : tryWriteAndDeleteFileRest , Method : WriteDeleteApiTest.tryWriteAndDeleteFileRest()[pri:0, instance:lab.web.WriteDeleteApiTest@1ed4004b] passed successful

]]>
            </line>
            <line>
              <![CDATA[2019-03-11 15:50:38 INFO  LoggerListener:19 - Test : tryWriteAndDeleteFileRest , Method : WriteDeleteApiTest.tryWriteAndDeleteFileRest()[pri:0, instance:lab.web.WriteDeleteApiTest@1ed4004b] passed successful

]]>
            </line>
          </reporter-output>
        </test-method> <!-- tryWriteAndDeleteFileRest -->
        <test-method status="PASS" signature="clearWorkspace()[pri:0, instance:lab.web.WriteDeleteApiTest@1ed4004b]" name="clearWorkspace" is-config="true" duration-ms="985" started-at="2019-03-11T15:50:38Z" finished-at="2019-03-11T15:50:39Z">
          <reporter-output>
            <line>
              <![CDATA[2019-03-11 15:50:38 INFO  WriteDeleteApiTest:43 - after method

]]>
            </line>
            <line>
              <![CDATA[2019-03-11 15:50:38 INFO  ServiceFactory:13 - getFileService factory method

]]>
            </line>
            <line>
              <![CDATA[2019-03-11 15:50:38 INFO  ServiceFactory:17 - Creating Rest file service client

]]>
            </line>
            <line>
              <![CDATA[2019-03-11 15:50:38 INFO  FileRESTServiceClient:100 - getListAllFiles method

]]>
            </line>
            <line>
              <![CDATA[2019-03-11 15:50:38 INFO  FileRESTServiceClient:104 - path: http://localhost:8080/MykhailoKozakFileStorageService/fileREST/files

]]>
            </line>
          </reporter-output>
        </test-method> <!-- clearWorkspace -->
        <test-method status="PASS" signature="tryWriteAndDeleteFileSoap()[pri:0, instance:lab.web.WriteDeleteApiTest@1ed4004b]" name="tryWriteAndDeleteFileSoap" duration-ms="13674" started-at="2019-03-11T15:50:39Z" finished-at="2019-03-11T15:50:52Z">
          <exception class="lab.web.soap.ServiceException">
            <full-stacktrace>
              <![CDATA[lab.web.soap.ServiceException
	at lab.web.WriteDeleteApiTest.tryWriteAndDeleteFileSoap(WriteDeleteApiTest.java:38)
	at sun.reflect.NativeMethodAccessorImpl.invoke0(Native Method)
	at sun.reflect.NativeMethodAccessorImpl.invoke(NativeMethodAccessorImpl.java:62)
	at sun.reflect.DelegatingMethodAccessorImpl.invoke(DelegatingMethodAccessorImpl.java:43)
	at java.lang.reflect.Method.invoke(Method.java:498)
	at org.testng.internal.MethodInvocationHelper.invokeMethod(MethodInvocationHelper.java:108)
	at org.testng.internal.Invoker.invokeMethod(Invoker.java:661)
	at org.testng.internal.Invoker.invokeTestMethod(Invoker.java:869)
	at org.testng.internal.Invoker.invokeTestMethods(Invoker.java:1193)
	at org.testng.internal.TestMethodWorker.invokeTestMethods(TestMethodWorker.java:126)
	at org.testng.internal.TestMethodWorker.run(TestMethodWorker.java:109)
	at org.testng.TestRunner.privateRun(TestRunner.java:744)
	at org.testng.TestRunner.run(TestRunner.java:602)
	at org.testng.SuiteRunner.runTest(SuiteRunner.java:380)
	at org.testng.SuiteRunner.runSequentially(SuiteRunner.java:375)
	at org.testng.SuiteRunner.privateRun(SuiteRunner.java:340)
	at org.testng.SuiteRunner.run(SuiteRunner.java:289)
	at org.testng.SuiteRunnerWorker.runSuite(SuiteRunnerWorker.java:52)
	at org.testng.SuiteRunnerWorker.run(SuiteRunnerWorker.java:86)
	at org.testng.TestNG.runSuitesSequentially(TestNG.java:1301)
	at org.testng.TestNG.runSuitesLocally(TestNG.java:1226)
	at org.testng.TestNG.runSuites(TestNG.java:1144)
	at org.testng.TestNG.run(TestNG.java:1115)
	at org.apache.maven.surefire.testng.TestNGExecutor.run(TestNGExecutor.java:283)
	at org.apache.maven.surefire.testng.TestNGXmlTestSuite.execute(TestNGXmlTestSuite.java:75)
	at org.apache.maven.surefire.testng.TestNGProvider.invoke(TestNGProvider.java:120)
	at org.apache.maven.surefire.booter.ForkedBooter.invokeProviderInSameClassLoader(ForkedBooter.java:386)
	at org.apache.maven.surefire.booter.ForkedBooter.runSuitesInProcess(ForkedBooter.java:323)
	at org.apache.maven.surefire.booter.ForkedBooter.main(ForkedBooter.java:143)
]]>
            </full-stacktrace>
          </exception> <!-- lab.web.soap.ServiceException -->
          <reporter-output>
            <line>
              <![CDATA[2019-03-11 15:50:39 INFO  LoggerListener:13 - Test : tryWriteAndDeleteFileSoap , Method : WriteDeleteApiTest.tryWriteAndDeleteFileSoap()[pri:0, instance:lab.web.WriteDeleteApiTest@1ed4004b], Started

]]>
            </line>
            <line>
              <![CDATA[2019-03-11 15:50:39 INFO  LoggerListener:13 - Test : tryWriteAndDeleteFileSoap , Method : WriteDeleteApiTest.tryWriteAndDeleteFileSoap()[pri:0, instance:lab.web.WriteDeleteApiTest@1ed4004b], Started

]]>
            </line>
            <line>
              <![CDATA[2019-03-11 15:50:39 INFO  WriteDeleteApiTest:29 - tryWriteAndDeleteFileSoap test

]]>
            </line>
            <line>
              <![CDATA[2019-03-11 15:50:39 INFO  ServiceFactory:13 - getFileService factory method

]]>
            </line>
            <line>
              <![CDATA[2019-03-11 15:50:39 INFO  ServiceFactory:20 - Creating Soap file service client

]]>
            </line>
            <line>
              <![CDATA[2019-03-11 15:50:52 INFO  LoggerListener:19 - Test : tryWriteAndDeleteFileSoap , Method : WriteDeleteApiTest.tryWriteAndDeleteFileSoap()[pri:0, instance:lab.web.WriteDeleteApiTest@1ed4004b] passed successful

]]>
            </line>
            <line>
              <![CDATA[2019-03-11 15:50:52 INFO  LoggerListener:19 - Test : tryWriteAndDeleteFileSoap , Method : WriteDeleteApiTest.tryWriteAndDeleteFileSoap()[pri:0, instance:lab.web.WriteDeleteApiTest@1ed4004b] passed successful

]]>
            </line>
          </reporter-output>
        </test-method> <!-- tryWriteAndDeleteFileSoap -->
        <test-method status="PASS" signature="clearWorkspace()[pri:0, instance:lab.web.WriteDeleteApiTest@1ed4004b]" name="clearWorkspace" is-config="true" duration-ms="510" started-at="2019-03-11T15:50:52Z" finished-at="2019-03-11T15:50:53Z">
          <reporter-output>
            <line>
              <![CDATA[2019-03-11 15:50:52 INFO  WriteDeleteApiTest:43 - after method

]]>
            </line>
            <line>
              <![CDATA[2019-03-11 15:50:52 INFO  ServiceFactory:13 - getFileService factory method

]]>
            </line>
            <line>
              <![CDATA[2019-03-11 15:50:52 INFO  ServiceFactory:17 - Creating Rest file service client

]]>
            </line>
            <line>
              <![CDATA[2019-03-11 15:50:53 INFO  FileRESTServiceClient:100 - getListAllFiles method

]]>
            </line>
            <line>
              <![CDATA[2019-03-11 15:50:53 INFO  FileRESTServiceClient:104 - path: http://localhost:8080/MykhailoKozakFileStorageService/fileREST/files

]]>
            </line>
          </reporter-output>
        </test-method> <!-- clearWorkspace -->
      </class> <!-- lab.web.WriteDeleteApiTest -->
    </test> <!-- Test -->
  </suite> <!-- Suite -->
</testng-results>
